<?xml version="1.0" encoding="UTF-8" standalone="yes"?><!DOCTYPE report PUBLIC "-//JACOCO//DTD Report 1.1//EN" "report.dtd"><report name="graphql"><sessioninfo id="gayald-1bee87e7" start="1613025422010" dump="1613025425347"/><sessioninfo id="gayald-a824b3cd" start="1613025425912" dump="1613025436022"/><package name="ballerina/graphql/0_1_3/tests"><class name="ballerina/graphql/0_1_3/tests/12_listener_configurations_test" sourcefilename="tests/12_listener_configurations_test.bal"><method name="&lt;init&gt;" desc="()V"><counter type="INSTRUCTION" missed="3" covered="0"/><counter type="COMPLEXITY" missed="1" covered="0"/><counter type="METHOD" missed="1" covered="0"/></method><method name="testTimeoutResponse" desc="(Lio/ballerina/runtime/internal/scheduling/Strand;)Ljava/lang/Object;" line="57"><counter type="INSTRUCTION" missed="265" covered="1150"/><counter type="BRANCH" missed="120" covered="35"/><counter type="LINE" missed="2" covered="15"/><counter type="COMPLEXITY" missed="105" covered="6"/><counter type="METHOD" missed="0" covered="1"/></method><method name="testConfigurationsWithHttpListener" desc="(Lio/ballerina/runtime/internal/scheduling/Strand;)Ljava/lang/Object;" line="83"><counter type="INSTRUCTION" missed="241" covered="323"/><counter type="BRANCH" missed="38" covered="11"/><counter type="LINE" missed="2" covered="6"/><counter type="COMPLEXITY" missed="36" covered="1"/><counter type="METHOD" missed="0" covered="1"/></method><method name="testInvalidMaxDepth" desc="(Lio/ballerina/runtime/internal/scheduling/Strand;)Ljava/lang/Object;" line="97"><counter type="INSTRUCTION" missed="217" covered="315"/><counter type="BRANCH" missed="34" covered="10"/><counter type="LINE" missed="2" covered="6"/><counter type="COMPLEXITY" missed="32" covered="1"/><counter type="METHOD" missed="0" covered="1"/></method><method name="testQueryExceedingMaxDepth" desc="(Lio/ballerina/runtime/internal/scheduling/Strand;)Ljava/lang/Object;" line="111"><counter type="INSTRUCTION" missed="339" covered="1027"/><counter type="BRANCH" missed="105" covered="22"/><counter type="LINE" missed="0" covered="15"/><counter type="COMPLEXITY" missed="87" covered="4"/><counter type="METHOD" missed="0" covered="1"/></method><method name="$annot_func$_700" desc="(Lio/ballerina/runtime/internal/scheduling/Strand;)Lio/ballerina/runtime/internal/values/MapValue;" line="34"><counter type="INSTRUCTION" missed="83" covered="85"/><counter type="BRANCH" missed="6" covered="3"/><counter type="LINE" missed="0" covered="3"/><counter type="COMPLEXITY" missed="6" covered="1"/><counter type="METHOD" missed="0" covered="1"/></method><method name="$annot_func$_701" desc="(Lio/ballerina/runtime/internal/scheduling/Strand;)Lio/ballerina/runtime/internal/values/MapValue;" line="44"><counter type="INSTRUCTION" missed="83" covered="85"/><counter type="BRANCH" missed="6" covered="3"/><counter type="LINE" missed="0" covered="2"/><counter type="COMPLEXITY" missed="6" covered="1"/><counter type="METHOD" missed="0" covered="1"/></method><method name="$annot_func$_735" desc="(Lio/ballerina/runtime/internal/scheduling/Strand;)Lio/ballerina/runtime/internal/values/MapValue;" line="53"><counter type="INSTRUCTION" missed="101" covered="125"/><counter type="BRANCH" missed="6" covered="3"/><counter type="LINE" missed="0" covered="3"/><counter type="COMPLEXITY" missed="6" covered="1"/><counter type="METHOD" missed="0" covered="1"/></method><method name="$annot_func$_736" desc="(Lio/ballerina/runtime/internal/scheduling/Strand;)Lio/ballerina/runtime/internal/values/MapValue;" line="79"><counter type="INSTRUCTION" missed="107" covered="137"/><counter type="BRANCH" missed="6" covered="3"/><counter type="LINE" missed="0" covered="3"/><counter type="COMPLEXITY" missed="6" covered="1"/><counter type="METHOD" missed="0" covered="1"/></method><method name="$annot_func$_737" desc="(Lio/ballerina/runtime/internal/scheduling/Strand;)Lio/ballerina/runtime/internal/values/MapValue;" line="93"><counter type="INSTRUCTION" missed="107" covered="137"/><counter type="BRANCH" missed="6" covered="3"/><counter type="LINE" missed="0" covered="3"/><counter type="COMPLEXITY" missed="6" covered="1"/><counter type="METHOD" missed="0" covered="1"/></method><method name="$annot_func$_738" desc="(Lio/ballerina/runtime/internal/scheduling/Strand;)Lio/ballerina/runtime/internal/values/MapValue;" line="107"><counter type="INSTRUCTION" missed="101" covered="125"/><counter type="BRANCH" missed="6" covered="3"/><counter type="LINE" missed="0" covered="3"/><counter type="COMPLEXITY" missed="6" covered="1"/><counter type="METHOD" missed="0" covered="1"/></method><counter type="INSTRUCTION" missed="1647" covered="3509"/><counter type="BRANCH" missed="333" covered="96"/><counter type="LINE" missed="6" covered="59"/><counter type="COMPLEXITY" missed="297" covered="18"/><counter type="METHOD" missed="1" covered="10"/><counter type="CLASS" missed="0" covered="1"/></class><class name="ballerina/graphql/0_1_3/tests/04_resource_functions_with_input_parameters" sourcefilename="tests/04_resource_functions_with_input_parameters.bal"><method name="&lt;init&gt;" desc="()V"><counter type="INSTRUCTION" missed="3" covered="0"/><counter type="COMPLEXITY" missed="1" covered="0"/><counter type="METHOD" missed="1" covered="0"/></method><method name="testFunctionsWithInputParameter" desc="(Lio/ballerina/runtime/internal/scheduling/Strand;)Ljava/lang/Object;" line="33"><counter type="INSTRUCTION" missed="339" covered="850"/><counter type="BRANCH" missed="107" covered="23"/><counter type="LINE" missed="0" covered="12"/><counter type="COMPLEXITY" missed="89" covered="4"/><counter type="METHOD" missed="0" covered="1"/></method><method name="$annot_func$_734" desc="(Lio/ballerina/runtime/internal/scheduling/Strand;)Lio/ballerina/runtime/internal/values/MapValue;" line="32"><counter type="INSTRUCTION" missed="70" covered="63"/><counter type="BRANCH" missed="6" covered="3"/><counter type="LINE" missed="0" covered="1"/><counter type="COMPLEXITY" missed="6" covered="1"/><counter type="METHOD" missed="0" covered="1"/></method><method name="$annot_func$_733" desc="(Lio/ballerina/runtime/internal/scheduling/Strand;)Lio/ballerina/runtime/internal/values/MapValue;" line="29"><counter type="INSTRUCTION" missed="107" covered="147"/><counter type="BRANCH" missed="8" covered="4"/><counter type="LINE" missed="0" covered="3"/><counter type="COMPLEXITY" missed="8" covered="1"/><counter type="METHOD" missed="0" covered="1"/></method><counter type="INSTRUCTION" missed="519" covered="1060"/><counter type="BRANCH" missed="121" covered="30"/><counter type="LINE" missed="0" covered="15"/><counter type="COMPLEXITY" missed="104" covered="6"/><counter type="METHOD" missed="1" covered="3"/><counter type="CLASS" missed="0" covered="1"/></class><class name="ballerina/graphql/0_1_3/tests/09_resources_returning_union_types" sourcefilename="tests/09_resources_returning_union_types.bal"><method name="&lt;init&gt;" desc="()V"><counter type="INSTRUCTION" missed="3" covered="0"/><counter type="COMPLEXITY" missed="1" covered="0"/><counter type="METHOD" missed="1" covered="0"/></method><method name="testResourcesReturningInvalidUnionType" desc="(Lio/ballerina/runtime/internal/scheduling/Strand;)Ljava/lang/Object;" line="23"><counter type="INSTRUCTION" missed="245" covered="271"/><counter type="BRANCH" missed="32" covered="9"/><counter type="LINE" missed="0" covered="7"/><counter type="COMPLEXITY" missed="30" covered="1"/><counter type="METHOD" missed="0" covered="1"/></method><method name="testResourceReturningUnionTypes" desc="(Lio/ballerina/runtime/internal/scheduling/Strand;)Ljava/lang/Object;" line="51"><counter type="INSTRUCTION" missed="189" covered="762"/><counter type="BRANCH" missed="68" covered="18"/><counter type="LINE" missed="0" covered="11"/><counter type="COMPLEXITY" missed="55" covered="4"/><counter type="METHOD" missed="0" covered="1"/></method><method name="$annot_func$_718" desc="(Lio/ballerina/runtime/internal/scheduling/Strand;)Lio/ballerina/runtime/internal/values/MapValue;" line="19"><counter type="INSTRUCTION" missed="101" covered="125"/><counter type="BRANCH" missed="6" covered="3"/><counter type="LINE" missed="0" covered="3"/><counter type="COMPLEXITY" missed="6" covered="1"/><counter type="METHOD" missed="0" covered="1"/></method><method name="$annot_func$_720" desc="(Lio/ballerina/runtime/internal/scheduling/Strand;)Lio/ballerina/runtime/internal/values/MapValue;" line="50"><counter type="INSTRUCTION" missed="70" covered="63"/><counter type="BRANCH" missed="6" covered="3"/><counter type="LINE" missed="0" covered="1"/><counter type="COMPLEXITY" missed="6" covered="1"/><counter type="METHOD" missed="0" covered="1"/></method><method name="$annot_func$_719" desc="(Lio/ballerina/runtime/internal/scheduling/Strand;)Lio/ballerina/runtime/internal/values/MapValue;" line="47"><counter type="INSTRUCTION" missed="107" covered="147"/><counter type="BRANCH" missed="8" covered="4"/><counter type="LINE" missed="0" covered="3"/><counter type="COMPLEXITY" missed="8" covered="1"/><counter type="METHOD" missed="0" covered="1"/></method><counter type="INSTRUCTION" missed="715" covered="1368"/><counter type="BRANCH" missed="120" covered="37"/><counter type="LINE" missed="0" covered="24"/><counter type="COMPLEXITY" missed="106" covered="8"/><counter type="METHOD" missed="1" covered="5"/><counter type="CLASS" missed="0" covered="1"/></class><class name="ballerina/graphql/0_1_3/tests/05_resource_functions_returning_records" sourcefilename="tests/05_resource_functions_returning_records.bal"><method name="&lt;init&gt;" desc="()V"><counter type="INSTRUCTION" missed="3" covered="0"/><counter type="COMPLEXITY" missed="1" covered="0"/><counter type="METHOD" missed="1" covered="0"/></method><method name="testGetFieldFromRecordResource" desc="(Lio/ballerina/runtime/internal/scheduling/Strand;)Ljava/lang/Object;" line="24"><counter type="INSTRUCTION" missed="339" covered="982"/><counter type="BRANCH" missed="105" covered="22"/><counter type="LINE" missed="0" covered="15"/><counter type="COMPLEXITY" missed="87" covered="4"/><counter type="METHOD" missed="0" covered="1"/></method><method name="$annot_func$_730" desc="(Lio/ballerina/runtime/internal/scheduling/Strand;)Lio/ballerina/runtime/internal/values/MapValue;" line="23"><counter type="INSTRUCTION" missed="70" covered="63"/><counter type="BRANCH" missed="6" covered="3"/><counter type="LINE" missed="0" covered="1"/><counter type="COMPLEXITY" missed="6" covered="1"/><counter type="METHOD" missed="0" covered="1"/></method><method name="$annot_func$_729" desc="(Lio/ballerina/runtime/internal/scheduling/Strand;)Lio/ballerina/runtime/internal/values/MapValue;" line="20"><counter type="INSTRUCTION" missed="107" covered="147"/><counter type="BRANCH" missed="8" covered="4"/><counter type="LINE" missed="0" covered="3"/><counter type="COMPLEXITY" missed="8" covered="1"/><counter type="METHOD" missed="0" covered="1"/></method><counter type="INSTRUCTION" missed="519" covered="1192"/><counter type="BRANCH" missed="119" covered="29"/><counter type="LINE" missed="0" covered="18"/><counter type="COMPLEXITY" missed="102" covered="6"/><counter type="METHOD" missed="1" covered="3"/><counter type="CLASS" missed="0" covered="1"/></class><class name="ballerina/graphql/0_1_3/tests/11_introspection_queries" sourcefilename="tests/11_introspection_queries.bal"><method name="&lt;init&gt;" desc="()V"><counter type="INSTRUCTION" missed="3" covered="0"/><counter type="COMPLEXITY" missed="1" covered="0"/><counter type="METHOD" missed="1" covered="0"/></method><method name="testSimpleIntrospectionQuery" desc="(Lio/ballerina/runtime/internal/scheduling/Strand;)Ljava/lang/Object;" line="23"><counter type="INSTRUCTION" missed="189" covered="1310"/><counter type="BRANCH" missed="68" covered="18"/><counter type="LINE" missed="0" covered="29"/><counter type="COMPLEXITY" missed="55" covered="4"/><counter type="METHOD" missed="0" covered="1"/></method><method name="testComplexIntrospectionQuery" desc="(Lio/ballerina/runtime/internal/scheduling/Strand;)Ljava/lang/Object;" line="70"><counter type="INSTRUCTION" missed="189" covered="1886"/><counter type="BRANCH" missed="68" covered="18"/><counter type="LINE" missed="0" covered="47"/><counter type="COMPLEXITY" missed="55" covered="4"/><counter type="METHOD" missed="0" covered="1"/></method><method name="testInvalidIntrospectionQuery" desc="(Lio/ballerina/runtime/internal/scheduling/Strand;)Ljava/lang/Object;" line="140"><counter type="INSTRUCTION" missed="189" covered="770"/><counter type="BRANCH" missed="68" covered="18"/><counter type="LINE" missed="0" covered="12"/><counter type="COMPLEXITY" missed="55" covered="4"/><counter type="METHOD" missed="0" covered="1"/></method><method name="testIntrospectionQueryWithMissingSelection" desc="(Lio/ballerina/runtime/internal/scheduling/Strand;)Ljava/lang/Object;" line="164"><counter type="INSTRUCTION" missed="189" covered="776"/><counter type="BRANCH" missed="68" covered="18"/><counter type="LINE" missed="0" covered="13"/><counter type="COMPLEXITY" missed="55" covered="4"/><counter type="METHOD" missed="0" covered="1"/></method><method name="testQueryTypeIntrospection" desc="(Lio/ballerina/runtime/internal/scheduling/Strand;)Ljava/lang/Object;" line="189"><counter type="INSTRUCTION" missed="189" covered="804"/><counter type="BRANCH" missed="68" covered="18"/><counter type="LINE" missed="0" covered="12"/><counter type="COMPLEXITY" missed="55" covered="4"/><counter type="METHOD" missed="0" covered="1"/></method><method name="$annot_func$_744" desc="(Lio/ballerina/runtime/internal/scheduling/Strand;)Lio/ballerina/runtime/internal/values/MapValue;" line="22"><counter type="INSTRUCTION" missed="70" covered="63"/><counter type="BRANCH" missed="6" covered="3"/><counter type="LINE" missed="0" covered="1"/><counter type="COMPLEXITY" missed="6" covered="1"/><counter type="METHOD" missed="0" covered="1"/></method><method name="$annot_func$_743" desc="(Lio/ballerina/runtime/internal/scheduling/Strand;)Lio/ballerina/runtime/internal/values/MapValue;" line="19"><counter type="INSTRUCTION" missed="107" covered="147"/><counter type="BRANCH" missed="8" covered="4"/><counter type="LINE" missed="0" covered="3"/><counter type="COMPLEXITY" missed="8" covered="1"/><counter type="METHOD" missed="0" covered="1"/></method><method name="$annot_func$_746" desc="(Lio/ballerina/runtime/internal/scheduling/Strand;)Lio/ballerina/runtime/internal/values/MapValue;" line="68"><counter type="INSTRUCTION" missed="70" covered="63"/><counter type="BRANCH" missed="6" covered="3"/><counter type="LINE" missed="0" covered="1"/><counter type="COMPLEXITY" missed="6" covered="1"/><counter type="METHOD" missed="0" covered="1"/></method><method name="$annot_func$_745" desc="(Lio/ballerina/runtime/internal/scheduling/Strand;)Lio/ballerina/runtime/internal/values/MapValue;" line="65"><counter type="INSTRUCTION" missed="107" covered="147"/><counter type="BRANCH" missed="8" covered="4"/><counter type="LINE" missed="0" covered="3"/><counter type="COMPLEXITY" missed="8" covered="1"/><counter type="METHOD" missed="0" covered="1"/></method><method name="$annot_func$_748" desc="(Lio/ballerina/runtime/internal/scheduling/Strand;)Lio/ballerina/runtime/internal/values/MapValue;" line="139"><counter type="INSTRUCTION" missed="70" covered="63"/><counter type="BRANCH" missed="6" covered="3"/><counter type="LINE" missed="0" covered="1"/><counter type="COMPLEXITY" missed="6" covered="1"/><counter type="METHOD" missed="0" covered="1"/></method><method name="$annot_func$_747" desc="(Lio/ballerina/runtime/internal/scheduling/Strand;)Lio/ballerina/runtime/internal/values/MapValue;" line="136"><counter type="INSTRUCTION" missed="107" covered="147"/><counter type="BRANCH" missed="8" covered="4"/><counter type="LINE" missed="0" covered="3"/><counter type="COMPLEXITY" missed="8" covered="1"/><counter type="METHOD" missed="0" covered="1"/></method><method name="$annot_func$_750" desc="(Lio/ballerina/runtime/internal/scheduling/Strand;)Lio/ballerina/runtime/internal/values/MapValue;" line="163"><counter type="INSTRUCTION" missed="70" covered="63"/><counter type="BRANCH" missed="6" covered="3"/><counter type="LINE" missed="0" covered="1"/><counter type="COMPLEXITY" missed="6" covered="1"/><counter type="METHOD" missed="0" covered="1"/></method><method name="$annot_func$_749" desc="(Lio/ballerina/runtime/internal/scheduling/Strand;)Lio/ballerina/runtime/internal/values/MapValue;" line="160"><counter type="INSTRUCTION" missed="107" covered="147"/><counter type="BRANCH" missed="8" covered="4"/><counter type="LINE" missed="0" covered="3"/><counter type="COMPLEXITY" missed="8" covered="1"/><counter type="METHOD" missed="0" covered="1"/></method><method name="$annot_func$_752" desc="(Lio/ballerina/runtime/internal/scheduling/Strand;)Lio/ballerina/runtime/internal/values/MapValue;" line="188"><counter type="INSTRUCTION" missed="70" covered="63"/><counter type="BRANCH" missed="6" covered="3"/><counter type="LINE" missed="0" covered="1"/><counter type="COMPLEXITY" missed="6" covered="1"/><counter type="METHOD" missed="0" covered="1"/></method><method name="$annot_func$_751" desc="(Lio/ballerina/runtime/internal/scheduling/Strand;)Lio/ballerina/runtime/internal/values/MapValue;" line="185"><counter type="INSTRUCTION" missed="107" covered="147"/><counter type="BRANCH" missed="8" covered="4"/><counter type="LINE" missed="0" covered="3"/><counter type="COMPLEXITY" missed="8" covered="1"/><counter type="METHOD" missed="0" covered="1"/></method><counter type="INSTRUCTION" missed="1833" covered="6596"/><counter type="BRANCH" missed="410" covered="125"/><counter type="LINE" missed="0" covered="128"/><counter type="COMPLEXITY" missed="346" covered="30"/><counter type="METHOD" missed="1" covered="15"/><counter type="CLASS" missed="0" covered="1"/></class><class name="ballerina/graphql/0_1_3/tests/01_schema_generation" sourcefilename="tests/01_schema_generation.bal"><method name="&lt;init&gt;" desc="()V"><counter type="INSTRUCTION" missed="3" covered="0"/><counter type="COMPLEXITY" missed="1" covered="0"/><counter type="METHOD" missed="1" covered="0"/></method><method name="testSchemaGenerationForMultipleResources" desc="(Lio/ballerina/runtime/internal/scheduling/Strand;)Ljava/lang/Object;" line="23"><counter type="INSTRUCTION" missed="57" covered="53"/><counter type="BRANCH" missed="10" covered="5"/><counter type="LINE" missed="0" covered="3"/><counter type="COMPLEXITY" missed="10" covered="1"/><counter type="METHOD" missed="0" covered="1"/></method><method name="testSchemaGenerationForResourcesReturningRecords" desc="(Lio/ballerina/runtime/internal/scheduling/Strand;)Ljava/lang/Object;" line="31"><counter type="INSTRUCTION" missed="57" covered="53"/><counter type="BRANCH" missed="10" covered="5"/><counter type="LINE" missed="0" covered="3"/><counter type="COMPLEXITY" missed="10" covered="1"/><counter type="METHOD" missed="0" covered="1"/></method><method name="$annot_func$_753" desc="(Lio/ballerina/runtime/internal/scheduling/Strand;)Lio/ballerina/runtime/internal/values/MapValue;" line="19"><counter type="INSTRUCTION" missed="107" covered="137"/><counter type="BRANCH" missed="6" covered="3"/><counter type="LINE" missed="0" covered="3"/><counter type="COMPLEXITY" missed="6" covered="1"/><counter type="METHOD" missed="0" covered="1"/></method><method name="$annot_func$_754" desc="(Lio/ballerina/runtime/internal/scheduling/Strand;)Lio/ballerina/runtime/internal/values/MapValue;" line="27"><counter type="INSTRUCTION" missed="107" covered="137"/><counter type="BRANCH" missed="6" covered="3"/><counter type="LINE" missed="0" covered="3"/><counter type="COMPLEXITY" missed="6" covered="1"/><counter type="METHOD" missed="0" covered="1"/></method><counter type="INSTRUCTION" missed="331" covered="380"/><counter type="BRANCH" missed="32" covered="16"/><counter type="LINE" missed="0" covered="12"/><counter type="COMPLEXITY" missed="33" covered="4"/><counter type="METHOD" missed="1" covered="4"/><counter type="CLASS" missed="0" covered="1"/></class><class name="ballerina/graphql/0_1_3/tests/08_resource_functions_returning_services" sourcefilename="tests/08_resource_functions_returning_services.bal"><method name="&lt;init&gt;" desc="()V"><counter type="INSTRUCTION" missed="3" covered="0"/><counter type="COMPLEXITY" missed="1" covered="0"/><counter type="METHOD" missed="1" covered="0"/></method><method name="testResourceReturningServiceObject" desc="(Lio/ballerina/runtime/internal/scheduling/Strand;)Ljava/lang/Object;" line="48"><counter type="INSTRUCTION" missed="189" covered="632"/><counter type="BRANCH" missed="68" covered="18"/><counter type="LINE" missed="0" covered="9"/><counter type="COMPLEXITY" missed="55" covered="4"/><counter type="METHOD" missed="0" covered="1"/></method><method name="testComplexService" desc="(Lio/ballerina/runtime/internal/scheduling/Strand;)Ljava/lang/Object;" line="66"><counter type="INSTRUCTION" missed="189" covered="717"/><counter type="BRANCH" missed="68" covered="18"/><counter type="LINE" missed="0" covered="11"/><counter type="COMPLEXITY" missed="55" covered="4"/><counter type="METHOD" missed="0" covered="1"/></method><method name="$annot_func$_740" desc="(Lio/ballerina/runtime/internal/scheduling/Strand;)Lio/ballerina/runtime/internal/values/MapValue;" line="47"><counter type="INSTRUCTION" missed="70" covered="63"/><counter type="BRANCH" missed="6" covered="3"/><counter type="LINE" missed="0" covered="1"/><counter type="COMPLEXITY" missed="6" covered="1"/><counter type="METHOD" missed="0" covered="1"/></method><method name="$annot_func$_739" desc="(Lio/ballerina/runtime/internal/scheduling/Strand;)Lio/ballerina/runtime/internal/values/MapValue;" line="44"><counter type="INSTRUCTION" missed="107" covered="147"/><counter type="BRANCH" missed="8" covered="4"/><counter type="LINE" missed="0" covered="3"/><counter type="COMPLEXITY" missed="8" covered="1"/><counter type="METHOD" missed="0" covered="1"/></method><method name="$annot_func$_742" desc="(Lio/ballerina/runtime/internal/scheduling/Strand;)Lio/ballerina/runtime/internal/values/MapValue;" line="65"><counter type="INSTRUCTION" missed="70" covered="63"/><counter type="BRANCH" missed="6" covered="3"/><counter type="LINE" missed="0" covered="1"/><counter type="COMPLEXITY" missed="6" covered="1"/><counter type="METHOD" missed="0" covered="1"/></method><method name="$annot_func$_741" desc="(Lio/ballerina/runtime/internal/scheduling/Strand;)Lio/ballerina/runtime/internal/values/MapValue;" line="62"><counter type="INSTRUCTION" missed="107" covered="147"/><counter type="BRANCH" missed="8" covered="4"/><counter type="LINE" missed="0" covered="3"/><counter type="COMPLEXITY" missed="8" covered="1"/><counter type="METHOD" missed="0" covered="1"/></method><counter type="INSTRUCTION" missed="735" covered="1769"/><counter type="BRANCH" missed="164" covered="50"/><counter type="LINE" missed="0" covered="26"/><counter type="COMPLEXITY" missed="139" covered="12"/><counter type="METHOD" missed="1" covered="6"/><counter type="CLASS" missed="0" covered="1"/></class><class name="ballerina/graphql/0_1_3/tests/02_document_validation" sourcefilename="tests/02_document_validation.bal"><method name="&lt;init&gt;" desc="()V"><counter type="INSTRUCTION" missed="3" covered="0"/><counter type="COMPLEXITY" missed="1" covered="0"/><counter type="METHOD" missed="1" covered="0"/></method><method name="testDocumentValidation" desc="(Lio/ballerina/runtime/internal/scheduling/Strand;)Ljava/lang/Object;" line="27"><counter type="INSTRUCTION" missed="387" covered="1254"/><counter type="BRANCH" missed="129" covered="27"/><counter type="LINE" missed="0" covered="17"/><counter type="COMPLEXITY" missed="109" covered="4"/><counter type="METHOD" missed="0" covered="1"/></method><method name="testQueryResult" desc="(Lio/ballerina/runtime/internal/scheduling/Strand;)Ljava/lang/Object;" line="59"><counter type="INSTRUCTION" missed="387" covered="1102"/><counter type="BRANCH" missed="129" covered="27"/><counter type="LINE" missed="0" covered="15"/><counter type="COMPLEXITY" missed="109" covered="4"/><counter type="METHOD" missed="0" covered="1"/></method><method name="$annot_func$_760" desc="(Lio/ballerina/runtime/internal/scheduling/Strand;)Lio/ballerina/runtime/internal/values/MapValue;" line="26"><counter type="INSTRUCTION" missed="70" covered="63"/><counter type="BRANCH" missed="6" covered="3"/><counter type="LINE" missed="0" covered="1"/><counter type="COMPLEXITY" missed="6" covered="1"/><counter type="METHOD" missed="0" covered="1"/></method><method name="$annot_func$_759" desc="(Lio/ballerina/runtime/internal/scheduling/Strand;)Lio/ballerina/runtime/internal/values/MapValue;" line="23"><counter type="INSTRUCTION" missed="107" covered="147"/><counter type="BRANCH" missed="8" covered="4"/><counter type="LINE" missed="0" covered="3"/><counter type="COMPLEXITY" missed="8" covered="1"/><counter type="METHOD" missed="0" covered="1"/></method><method name="$annot_func$_762" desc="(Lio/ballerina/runtime/internal/scheduling/Strand;)Lio/ballerina/runtime/internal/values/MapValue;" line="58"><counter type="INSTRUCTION" missed="70" covered="63"/><counter type="BRANCH" missed="6" covered="3"/><counter type="LINE" missed="0" covered="1"/><counter type="COMPLEXITY" missed="6" covered="1"/><counter type="METHOD" missed="0" covered="1"/></method><method name="$annot_func$_761" desc="(Lio/ballerina/runtime/internal/scheduling/Strand;)Lio/ballerina/runtime/internal/values/MapValue;" line="54"><counter type="INSTRUCTION" missed="119" covered="251"/><counter type="BRANCH" missed="8" covered="4"/><counter type="LINE" missed="0" covered="4"/><counter type="COMPLEXITY" missed="8" covered="1"/><counter type="METHOD" missed="0" covered="1"/></method><method name="testDocumentValidation$lambda0$" desc="([Ljava/lang/Object;)Ljava/lang/Object;" line="56"><counter type="INSTRUCTION" missed="6" covered="0"/><counter type="LINE" missed="1" covered="0"/><counter type="COMPLEXITY" missed="1" covered="0"/><counter type="METHOD" missed="1" covered="0"/></method><counter type="INSTRUCTION" missed="1149" covered="2880"/><counter type="BRANCH" missed="286" covered="68"/><counter type="LINE" missed="0" covered="39"/><counter type="COMPLEXITY" missed="248" covered="12"/><counter type="METHOD" missed="2" covered="6"/><counter type="CLASS" missed="0" covered="1"/></class><class name="ballerina/graphql/0_1_3/tests/10_resources_returning_arrays" sourcefilename="tests/10_resources_returning_arrays.bal"><method name="&lt;init&gt;" desc="()V"><counter type="INSTRUCTION" missed="3" covered="0"/><counter type="COMPLEXITY" missed="1" covered="0"/><counter type="METHOD" missed="1" covered="0"/></method><method name="testResourcesReturningScalarArrays" desc="(Lio/ballerina/runtime/internal/scheduling/Strand;)Ljava/lang/Object;" line="37"><counter type="INSTRUCTION" missed="189" covered="662"/><counter type="BRANCH" missed="68" covered="18"/><counter type="LINE" missed="0" covered="8"/><counter type="COMPLEXITY" missed="55" covered="4"/><counter type="METHOD" missed="0" covered="1"/></method><method name="testResourcesReturningArrays" desc="(Lio/ballerina/runtime/internal/scheduling/Strand;)Ljava/lang/Object;" line="52"><counter type="INSTRUCTION" missed="189" covered="1024"/><counter type="BRANCH" missed="68" covered="18"/><counter type="LINE" missed="0" covered="19"/><counter type="COMPLEXITY" missed="55" covered="4"/><counter type="METHOD" missed="0" covered="1"/></method><method name="testResourcesReturningArraysMissingFields" desc="(Lio/ballerina/runtime/internal/scheduling/Strand;)Ljava/lang/Object;" line="86"><counter type="INSTRUCTION" missed="189" covered="776"/><counter type="BRANCH" missed="68" covered="18"/><counter type="LINE" missed="0" covered="13"/><counter type="COMPLEXITY" missed="55" covered="4"/><counter type="METHOD" missed="0" covered="1"/></method><method name="testComplexArraySample" desc="(Lio/ballerina/runtime/internal/scheduling/Strand;)Ljava/lang/Object;" line="111"><counter type="INSTRUCTION" missed="189" covered="2482"/><counter type="BRANCH" missed="68" covered="18"/><counter type="LINE" missed="0" covered="55"/><counter type="COMPLEXITY" missed="55" covered="4"/><counter type="METHOD" missed="0" covered="1"/></method><method name="$annot_func$_722" desc="(Lio/ballerina/runtime/internal/scheduling/Strand;)Lio/ballerina/runtime/internal/values/MapValue;" line="36"><counter type="INSTRUCTION" missed="70" covered="63"/><counter type="BRANCH" missed="6" covered="3"/><counter type="LINE" missed="0" covered="1"/><counter type="COMPLEXITY" missed="6" covered="1"/><counter type="METHOD" missed="0" covered="1"/></method><method name="$annot_func$_721" desc="(Lio/ballerina/runtime/internal/scheduling/Strand;)Lio/ballerina/runtime/internal/values/MapValue;" line="33"><counter type="INSTRUCTION" missed="113" covered="159"/><counter type="BRANCH" missed="8" covered="4"/><counter type="LINE" missed="0" covered="3"/><counter type="COMPLEXITY" missed="8" covered="1"/><counter type="METHOD" missed="0" covered="1"/></method><method name="$annot_func$_724" desc="(Lio/ballerina/runtime/internal/scheduling/Strand;)Lio/ballerina/runtime/internal/values/MapValue;" line="51"><counter type="INSTRUCTION" missed="70" covered="63"/><counter type="BRANCH" missed="6" covered="3"/><counter type="LINE" missed="0" covered="1"/><counter type="COMPLEXITY" missed="6" covered="1"/><counter type="METHOD" missed="0" covered="1"/></method><method name="$annot_func$_723" desc="(Lio/ballerina/runtime/internal/scheduling/Strand;)Lio/ballerina/runtime/internal/values/MapValue;" line="48"><counter type="INSTRUCTION" missed="113" covered="159"/><counter type="BRANCH" missed="8" covered="4"/><counter type="LINE" missed="0" covered="3"/><counter type="COMPLEXITY" missed="8" covered="1"/><counter type="METHOD" missed="0" covered="1"/></method><method name="$annot_func$_726" desc="(Lio/ballerina/runtime/internal/scheduling/Strand;)Lio/ballerina/runtime/internal/values/MapValue;" line="85"><counter type="INSTRUCTION" missed="70" covered="63"/><counter type="BRANCH" missed="6" covered="3"/><counter type="LINE" missed="0" covered="1"/><counter type="COMPLEXITY" missed="6" covered="1"/><counter type="METHOD" missed="0" covered="1"/></method><method name="$annot_func$_725" desc="(Lio/ballerina/runtime/internal/scheduling/Strand;)Lio/ballerina/runtime/internal/values/MapValue;" line="82"><counter type="INSTRUCTION" missed="113" covered="159"/><counter type="BRANCH" missed="8" covered="4"/><counter type="LINE" missed="0" covered="3"/><counter type="COMPLEXITY" missed="8" covered="1"/><counter type="METHOD" missed="0" covered="1"/></method><method name="$annot_func$_728" desc="(Lio/ballerina/runtime/internal/scheduling/Strand;)Lio/ballerina/runtime/internal/values/MapValue;" line="110"><counter type="INSTRUCTION" missed="70" covered="63"/><counter type="BRANCH" missed="6" covered="3"/><counter type="LINE" missed="0" covered="1"/><counter type="COMPLEXITY" missed="6" covered="1"/><counter type="METHOD" missed="0" covered="1"/></method><method name="$annot_func$_727" desc="(Lio/ballerina/runtime/internal/scheduling/Strand;)Lio/ballerina/runtime/internal/values/MapValue;" line="107"><counter type="INSTRUCTION" missed="113" covered="159"/><counter type="BRANCH" missed="8" covered="4"/><counter type="LINE" missed="0" covered="3"/><counter type="COMPLEXITY" missed="8" covered="1"/><counter type="METHOD" missed="0" covered="1"/></method><counter type="INSTRUCTION" missed="1491" covered="5832"/><counter type="BRANCH" missed="328" covered="100"/><counter type="LINE" missed="0" covered="107"/><counter type="COMPLEXITY" missed="277" covered="24"/><counter type="METHOD" missed="1" covered="12"/><counter type="CLASS" missed="0" covered="1"/></class><class name="ballerina/graphql/0_1_3/tests/03_listener_test" sourcefilename="tests/03_listener_test.bal"><method name="&lt;init&gt;" desc="()V"><counter type="INSTRUCTION" missed="3" covered="0"/><counter type="COMPLEXITY" missed="1" covered="0"/><counter type="METHOD" missed="1" covered="0"/></method><method name="testShortHandQueryResult" desc="(Lio/ballerina/runtime/internal/scheduling/Strand;)Ljava/lang/Object;" line="27"><counter type="INSTRUCTION" missed="339" covered="881"/><counter type="BRANCH" missed="107" covered="23"/><counter type="LINE" missed="0" covered="13"/><counter type="COMPLEXITY" missed="89" covered="4"/><counter type="METHOD" missed="0" covered="1"/></method><method name="testGetRequestResult" desc="(Lio/ballerina/runtime/internal/scheduling/Strand;)Ljava/lang/Object;" line="49"><counter type="INSTRUCTION" missed="363" covered="945"/><counter type="BRANCH" missed="114" covered="23"/><counter type="LINE" missed="0" covered="13"/><counter type="COMPLEXITY" missed="95" covered="4"/><counter type="METHOD" missed="0" covered="1"/></method><method name="$annot_func$_756" desc="(Lio/ballerina/runtime/internal/scheduling/Strand;)Lio/ballerina/runtime/internal/values/MapValue;" line="26"><counter type="INSTRUCTION" missed="70" covered="63"/><counter type="BRANCH" missed="6" covered="3"/><counter type="LINE" missed="0" covered="1"/><counter type="COMPLEXITY" missed="6" covered="1"/><counter type="METHOD" missed="0" covered="1"/></method><method name="$annot_func$_755" desc="(Lio/ballerina/runtime/internal/scheduling/Strand;)Lio/ballerina/runtime/internal/values/MapValue;" line="23"><counter type="INSTRUCTION" missed="107" covered="147"/><counter type="BRANCH" missed="8" covered="4"/><counter type="LINE" missed="0" covered="3"/><counter type="COMPLEXITY" missed="8" covered="1"/><counter type="METHOD" missed="0" covered="1"/></method><method name="$annot_func$_758" desc="(Lio/ballerina/runtime/internal/scheduling/Strand;)Lio/ballerina/runtime/internal/values/MapValue;" line="48"><counter type="INSTRUCTION" missed="70" covered="63"/><counter type="BRANCH" missed="6" covered="3"/><counter type="LINE" missed="0" covered="1"/><counter type="COMPLEXITY" missed="6" covered="1"/><counter type="METHOD" missed="0" covered="1"/></method><method name="$annot_func$_757" desc="(Lio/ballerina/runtime/internal/scheduling/Strand;)Lio/ballerina/runtime/internal/values/MapValue;" line="45"><counter type="INSTRUCTION" missed="107" covered="147"/><counter type="BRANCH" missed="8" covered="4"/><counter type="LINE" missed="0" covered="3"/><counter type="COMPLEXITY" missed="8" covered="1"/><counter type="METHOD" missed="0" covered="1"/></method><counter type="INSTRUCTION" missed="1059" covered="2246"/><counter type="BRANCH" missed="249" covered="60"/><counter type="LINE" missed="0" covered="32"/><counter type="COMPLEXITY" missed="213" covered="12"/><counter type="METHOD" missed="1" covered="6"/><counter type="CLASS" missed="0" covered="1"/></class><class name="ballerina/graphql/0_1_3/tests/utils" sourcefilename="tests/utils.bal"><method name="&lt;init&gt;" desc="()V"><counter type="INSTRUCTION" missed="3" covered="0"/><counter type="COMPLEXITY" missed="1" covered="0"/><counter type="METHOD" missed="1" covered="0"/></method><method name="getGreetingQueryDocument" desc="(Lio/ballerina/runtime/internal/scheduling/Strand;)Lio/ballerina/runtime/api/values/BString;" line="28"><counter type="INSTRUCTION" missed="175" covered="151"/><counter type="BRANCH" missed="30" covered="8"/><counter type="LINE" missed="0" covered="3"/><counter type="COMPLEXITY" missed="28" covered="1"/><counter type="METHOD" missed="0" covered="1"/></method><method name="getGeneralNotationDocument" desc="(Lio/ballerina/runtime/internal/scheduling/Strand;)Lio/ballerina/runtime/api/values/BString;" line="34"><counter type="INSTRUCTION" missed="175" covered="151"/><counter type="BRANCH" missed="30" covered="8"/><counter type="LINE" missed="0" covered="3"/><counter type="COMPLEXITY" missed="28" covered="1"/><counter type="METHOD" missed="0" covered="1"/></method><method name="getShorthandDocument" desc="(Lio/ballerina/runtime/internal/scheduling/Strand;)Lio/ballerina/runtime/api/values/BString;" line="40"><counter type="INSTRUCTION" missed="175" covered="151"/><counter type="BRANCH" missed="30" covered="8"/><counter type="LINE" missed="0" covered="3"/><counter type="COMPLEXITY" missed="28" covered="1"/><counter type="METHOD" missed="0" covered="1"/></method><method name="getShorthandDocumentWithInvalidQuery" desc="(Lio/ballerina/runtime/internal/scheduling/Strand;)Lio/ballerina/runtime/api/values/BString;" line="46"><counter type="INSTRUCTION" missed="175" covered="151"/><counter type="BRANCH" missed="30" covered="8"/><counter type="LINE" missed="0" covered="3"/><counter type="COMPLEXITY" missed="28" covered="1"/><counter type="METHOD" missed="0" covered="1"/></method><method name="getDocumentWithTwoAnonymousOperations" desc="(Lio/ballerina/runtime/internal/scheduling/Strand;)Lio/ballerina/runtime/api/values/BString;" line="52"><counter type="INSTRUCTION" missed="326" covered="0"/><counter type="BRANCH" missed="38" covered="0"/><counter type="LINE" missed="3" covered="0"/><counter type="COMPLEXITY" missed="29" covered="0"/><counter type="METHOD" missed="1" covered="0"/></method><method name="getInvalidShorthandNotationDocument" desc="(Lio/ballerina/runtime/internal/scheduling/Strand;)Lio/ballerina/runtime/api/values/BString;" line="58"><counter type="INSTRUCTION" missed="326" covered="0"/><counter type="BRANCH" missed="38" covered="0"/><counter type="LINE" missed="3" covered="0"/><counter type="COMPLEXITY" missed="29" covered="0"/><counter type="METHOD" missed="1" covered="0"/></method><method name="getDocumentsPath" desc="(Lio/ballerina/runtime/internal/scheduling/Strand;)Ljava/lang/Object;" line="64"><counter type="INSTRUCTION" missed="123" covered="112"/><counter type="BRANCH" missed="19" covered="6"/><counter type="LINE" missed="0" covered="2"/><counter type="COMPLEXITY" missed="18" covered="1"/><counter type="METHOD" missed="0" covered="1"/></method><method name="getResourcePath" desc="(Lio/ballerina/runtime/internal/scheduling/Strand;)Ljava/lang/Object;" line="69"><counter type="INSTRUCTION" missed="69" covered="77"/><counter type="BRANCH" missed="8" covered="4"/><counter type="LINE" missed="0" covered="1"/><counter type="COMPLEXITY" missed="8" covered="1"/><counter type="METHOD" missed="0" covered="1"/></method><method name="readFileAndGetString" desc="(Lio/ballerina/runtime/internal/scheduling/Strand;Lio/ballerina/runtime/api/values/BString;Z)Lio/ballerina/runtime/api/values/BString;" line="73"><counter type="INSTRUCTION" missed="98" covered="52"/><counter type="BRANCH" missed="13" covered="5"/><counter type="LINE" missed="0" covered="5"/><counter type="COMPLEXITY" missed="13" covered="1"/><counter type="METHOD" missed="0" covered="1"/></method><counter type="INSTRUCTION" missed="1645" covered="845"/><counter type="BRANCH" missed="236" covered="47"/><counter type="LINE" missed="6" covered="20"/><counter type="COMPLEXITY" missed="210" covered="7"/><counter type="METHOD" missed="3" covered="7"/><counter type="CLASS" missed="0" covered="1"/></class><class name="ballerina/graphql/0_1_3/tests/07_errors_test" sourcefilename="tests/07_errors_test.bal"><method name="&lt;init&gt;" desc="()V"><counter type="INSTRUCTION" missed="3" covered="0"/><counter type="COMPLEXITY" missed="1" covered="0"/><counter type="METHOD" missed="1" covered="0"/></method><method name="testMissingArgumentValueQuery" desc="(Lio/ballerina/runtime/internal/scheduling/Strand;)Ljava/lang/Object;" line="29"><counter type="INSTRUCTION" missed="189" covered="762"/><counter type="BRANCH" missed="68" covered="18"/><counter type="LINE" missed="0" covered="11"/><counter type="COMPLEXITY" missed="55" covered="4"/><counter type="METHOD" missed="0" covered="1"/></method><method name="testEmptyQuery" desc="(Lio/ballerina/runtime/internal/scheduling/Strand;)Ljava/lang/Object;" line="53"><counter type="INSTRUCTION" missed="189" covered="762"/><counter type="BRANCH" missed="68" covered="18"/><counter type="LINE" missed="0" covered="11"/><counter type="COMPLEXITY" missed="55" covered="4"/><counter type="METHOD" missed="0" covered="1"/></method><method name="testObjectWithNoSelectionQuery" desc="(Lio/ballerina/runtime/internal/scheduling/Strand;)Ljava/lang/Object;" line="77"><counter type="INSTRUCTION" missed="189" covered="776"/><counter type="BRANCH" missed="68" covered="18"/><counter type="LINE" missed="0" covered="13"/><counter type="COMPLEXITY" missed="55" covered="4"/><counter type="METHOD" missed="0" covered="1"/></method><method name="testObjectWithNoSelectionQueryWithArguments" desc="(Lio/ballerina/runtime/internal/scheduling/Strand;)Ljava/lang/Object;" line="103"><counter type="INSTRUCTION" missed="189" covered="776"/><counter type="BRANCH" missed="68" covered="18"/><counter type="LINE" missed="0" covered="13"/><counter type="COMPLEXITY" missed="55" covered="4"/><counter type="METHOD" missed="0" covered="1"/></method><method name="testObjectWithInvalidSelectionQuery" desc="(Lio/ballerina/runtime/internal/scheduling/Strand;)Ljava/lang/Object;" line="129"><counter type="INSTRUCTION" missed="189" covered="770"/><counter type="BRANCH" missed="68" covered="18"/><counter type="LINE" missed="0" covered="12"/><counter type="COMPLEXITY" missed="55" covered="4"/><counter type="METHOD" missed="0" covered="1"/></method><method name="testObjectWithMissingRequiredArgument" desc="(Lio/ballerina/runtime/internal/scheduling/Strand;)Ljava/lang/Object;" line="154"><counter type="INSTRUCTION" missed="189" covered="977"/><counter type="BRANCH" missed="68" covered="18"/><counter type="LINE" missed="0" covered="18"/><counter type="COMPLEXITY" missed="55" covered="4"/><counter type="METHOD" missed="0" covered="1"/></method><method name="testRequestSubtypeFromPrimitiveType" desc="(Lio/ballerina/runtime/internal/scheduling/Strand;)Ljava/lang/Object;" line="189"><counter type="INSTRUCTION" missed="189" covered="770"/><counter type="BRANCH" missed="68" covered="18"/><counter type="LINE" missed="0" covered="12"/><counter type="COMPLEXITY" missed="55" covered="4"/><counter type="METHOD" missed="0" covered="1"/></method><method name="testInvalidArgument" desc="(Lio/ballerina/runtime/internal/scheduling/Strand;)Ljava/lang/Object;" line="214"><counter type="INSTRUCTION" missed="189" covered="770"/><counter type="BRANCH" missed="68" covered="18"/><counter type="LINE" missed="0" covered="12"/><counter type="COMPLEXITY" missed="55" covered="4"/><counter type="METHOD" missed="0" covered="1"/></method><method name="$annot_func$_703" desc="(Lio/ballerina/runtime/internal/scheduling/Strand;)Lio/ballerina/runtime/internal/values/MapValue;" line="28"><counter type="INSTRUCTION" missed="70" covered="63"/><counter type="BRANCH" missed="6" covered="3"/><counter type="LINE" missed="0" covered="1"/><counter type="COMPLEXITY" missed="6" covered="1"/><counter type="METHOD" missed="0" covered="1"/></method><method name="$annot_func$_702" desc="(Lio/ballerina/runtime/internal/scheduling/Strand;)Lio/ballerina/runtime/internal/values/MapValue;" line="25"><counter type="INSTRUCTION" missed="113" covered="159"/><counter type="BRANCH" missed="8" covered="4"/><counter type="LINE" missed="0" covered="3"/><counter type="COMPLEXITY" missed="8" covered="1"/><counter type="METHOD" missed="0" covered="1"/></method><method name="$annot_func$_705" desc="(Lio/ballerina/runtime/internal/scheduling/Strand;)Lio/ballerina/runtime/internal/values/MapValue;" line="52"><counter type="INSTRUCTION" missed="70" covered="63"/><counter type="BRANCH" missed="6" covered="3"/><counter type="LINE" missed="0" covered="1"/><counter type="COMPLEXITY" missed="6" covered="1"/><counter type="METHOD" missed="0" covered="1"/></method><method name="$annot_func$_704" desc="(Lio/ballerina/runtime/internal/scheduling/Strand;)Lio/ballerina/runtime/internal/values/MapValue;" line="49"><counter type="INSTRUCTION" missed="113" covered="159"/><counter type="BRANCH" missed="8" covered="4"/><counter type="LINE" missed="0" covered="3"/><counter type="COMPLEXITY" missed="8" covered="1"/><counter type="METHOD" missed="0" covered="1"/></method><method name="$annot_func$_707" desc="(Lio/ballerina/runtime/internal/scheduling/Strand;)Lio/ballerina/runtime/internal/values/MapValue;" line="76"><counter type="INSTRUCTION" missed="70" covered="63"/><counter type="BRANCH" missed="6" covered="3"/><counter type="LINE" missed="0" covered="1"/><counter type="COMPLEXITY" missed="6" covered="1"/><counter type="METHOD" missed="0" covered="1"/></method><method name="$annot_func$_706" desc="(Lio/ballerina/runtime/internal/scheduling/Strand;)Lio/ballerina/runtime/internal/values/MapValue;" line="73"><counter type="INSTRUCTION" missed="113" covered="159"/><counter type="BRANCH" missed="8" covered="4"/><counter type="LINE" missed="0" covered="3"/><counter type="COMPLEXITY" missed="8" covered="1"/><counter type="METHOD" missed="0" covered="1"/></method><method name="$annot_func$_709" desc="(Lio/ballerina/runtime/internal/scheduling/Strand;)Lio/ballerina/runtime/internal/values/MapValue;" line="102"><counter type="INSTRUCTION" missed="70" covered="63"/><counter type="BRANCH" missed="6" covered="3"/><counter type="LINE" missed="0" covered="1"/><counter type="COMPLEXITY" missed="6" covered="1"/><counter type="METHOD" missed="0" covered="1"/></method><method name="$annot_func$_708" desc="(Lio/ballerina/runtime/internal/scheduling/Strand;)Lio/ballerina/runtime/internal/values/MapValue;" line="99"><counter type="INSTRUCTION" missed="113" covered="159"/><counter type="BRANCH" missed="8" covered="4"/><counter type="LINE" missed="0" covered="3"/><counter type="COMPLEXITY" missed="8" covered="1"/><counter type="METHOD" missed="0" covered="1"/></method><method name="$annot_func$_711" desc="(Lio/ballerina/runtime/internal/scheduling/Strand;)Lio/ballerina/runtime/internal/values/MapValue;" line="128"><counter type="INSTRUCTION" missed="70" covered="63"/><counter type="BRANCH" missed="6" covered="3"/><counter type="LINE" missed="0" covered="1"/><counter type="COMPLEXITY" missed="6" covered="1"/><counter type="METHOD" missed="0" covered="1"/></method><method name="$annot_func$_710" desc="(Lio/ballerina/runtime/internal/scheduling/Strand;)Lio/ballerina/runtime/internal/values/MapValue;" line="125"><counter type="INSTRUCTION" missed="113" covered="159"/><counter type="BRANCH" missed="8" covered="4"/><counter type="LINE" missed="0" covered="3"/><counter type="COMPLEXITY" missed="8" covered="1"/><counter type="METHOD" missed="0" covered="1"/></method><method name="$annot_func$_713" desc="(Lio/ballerina/runtime/internal/scheduling/Strand;)Lio/ballerina/runtime/internal/values/MapValue;" line="153"><counter type="INSTRUCTION" missed="70" covered="63"/><counter type="BRANCH" missed="6" covered="3"/><counter type="LINE" missed="0" covered="1"/><counter type="COMPLEXITY" missed="6" covered="1"/><counter type="METHOD" missed="0" covered="1"/></method><method name="$annot_func$_712" desc="(Lio/ballerina/runtime/internal/scheduling/Strand;)Lio/ballerina/runtime/internal/values/MapValue;" line="150"><counter type="INSTRUCTION" missed="113" covered="159"/><counter type="BRANCH" missed="8" covered="4"/><counter type="LINE" missed="0" covered="3"/><counter type="COMPLEXITY" missed="8" covered="1"/><counter type="METHOD" missed="0" covered="1"/></method><method name="$annot_func$_715" desc="(Lio/ballerina/runtime/internal/scheduling/Strand;)Lio/ballerina/runtime/internal/values/MapValue;" line="188"><counter type="INSTRUCTION" missed="70" covered="63"/><counter type="BRANCH" missed="6" covered="3"/><counter type="LINE" missed="0" covered="1"/><counter type="COMPLEXITY" missed="6" covered="1"/><counter type="METHOD" missed="0" covered="1"/></method><method name="$annot_func$_714" desc="(Lio/ballerina/runtime/internal/scheduling/Strand;)Lio/ballerina/runtime/internal/values/MapValue;" line="185"><counter type="INSTRUCTION" missed="113" covered="159"/><counter type="BRANCH" missed="8" covered="4"/><counter type="LINE" missed="0" covered="3"/><counter type="COMPLEXITY" missed="8" covered="1"/><counter type="METHOD" missed="0" covered="1"/></method><method name="$annot_func$_717" desc="(Lio/ballerina/runtime/internal/scheduling/Strand;)Lio/ballerina/runtime/internal/values/MapValue;" line="213"><counter type="INSTRUCTION" missed="70" covered="63"/><counter type="BRANCH" missed="6" covered="3"/><counter type="LINE" missed="0" covered="1"/><counter type="COMPLEXITY" missed="6" covered="1"/><counter type="METHOD" missed="0" covered="1"/></method><method name="$annot_func$_716" desc="(Lio/ballerina/runtime/internal/scheduling/Strand;)Lio/ballerina/runtime/internal/values/MapValue;" line="210"><counter type="INSTRUCTION" missed="113" covered="159"/><counter type="BRANCH" missed="8" covered="4"/><counter type="LINE" missed="0" covered="3"/><counter type="COMPLEXITY" missed="8" covered="1"/><counter type="METHOD" missed="0" covered="1"/></method><counter type="INSTRUCTION" missed="2979" covered="8139"/><counter type="BRANCH" missed="656" covered="200"/><counter type="LINE" missed="0" covered="126"/><counter type="COMPLEXITY" missed="553" covered="48"/><counter type="METHOD" missed="1" covered="24"/><counter type="CLASS" missed="0" covered="1"/></class><class name="ballerina/graphql/0_1_3/tests/06_client_test" sourcefilename="tests/06_client_test.bal"><method name="&lt;init&gt;" desc="()V"><counter type="INSTRUCTION" missed="3" covered="0"/><counter type="COMPLEXITY" missed="1" covered="0"/><counter type="METHOD" missed="1" covered="0"/></method><method name="testClient" desc="(Lio/ballerina/runtime/internal/scheduling/Strand;)Ljava/lang/Object;" line="29"><counter type="INSTRUCTION" missed="189" covered="757"/><counter type="BRANCH" missed="68" covered="18"/><counter type="LINE" missed="0" covered="12"/><counter type="COMPLEXITY" missed="55" covered="4"/><counter type="METHOD" missed="0" covered="1"/></method><method name="$annot_func$_732" desc="(Lio/ballerina/runtime/internal/scheduling/Strand;)Lio/ballerina/runtime/internal/values/MapValue;" line="28"><counter type="INSTRUCTION" missed="70" covered="63"/><counter type="BRANCH" missed="6" covered="3"/><counter type="LINE" missed="0" covered="1"/><counter type="COMPLEXITY" missed="6" covered="1"/><counter type="METHOD" missed="0" covered="1"/></method><method name="$annot_func$_731" desc="(Lio/ballerina/runtime/internal/scheduling/Strand;)Lio/ballerina/runtime/internal/values/MapValue;" line="25"><counter type="INSTRUCTION" missed="107" covered="147"/><counter type="BRANCH" missed="8" covered="4"/><counter type="LINE" missed="0" covered="3"/><counter type="COMPLEXITY" missed="8" covered="1"/><counter type="METHOD" missed="0" covered="1"/></method><counter type="INSTRUCTION" missed="369" covered="967"/><counter type="BRANCH" missed="82" covered="25"/><counter type="LINE" missed="0" covered="15"/><counter type="COMPLEXITY" missed="70" covered="6"/><counter type="METHOD" missed="1" covered="3"/><counter type="CLASS" missed="0" covered="1"/></class><sourcefile name="tests/08_resource_functions_returning_services.bal"><line nr="44" mi="0" ci="22" mb="0" cb="0"/><line nr="45" mi="0" ci="37" mb="0" cb="0"/><line nr="47" mi="173" ci="95" mb="1" cb="1"/><line nr="48" mi="29" ci="320" mb="5" cb="3"/><line nr="49" mi="0" ci="2" mb="0" cb="0"/><line nr="51" mi="0" ci="33" mb="0" cb="0"/><line nr="52" mi="0" ci="29" mb="0" cb="0"/><line nr="53" mi="0" ci="29" mb="0" cb="0"/><line nr="54" mi="0" ci="4" mb="0" cb="0"/><line nr="58" mi="155" ci="113" mb="31" cb="9"/><line nr="59" mi="0" ci="13" mb="1" cb="1"/><line nr="60" mi="3" ci="7" mb="0" cb="0"/><line nr="62" mi="0" ci="22" mb="0" cb="0"/><line nr="63" mi="0" ci="37" mb="0" cb="0"/><line nr="65" mi="173" ci="95" mb="1" cb="1"/><line nr="66" mi="29" ci="351" mb="5" cb="3"/><line nr="67" mi="0" ci="2" mb="0" cb="0"/><line nr="69" mi="0" ci="33" mb="0" cb="0"/><line nr="70" mi="0" ci="29" mb="0" cb="0"/><line nr="71" mi="0" ci="29" mb="0" cb="0"/><line nr="72" mi="0" ci="40" mb="0" cb="0"/><line nr="73" mi="0" ci="4" mb="0" cb="0"/><line nr="74" mi="0" ci="4" mb="0" cb="0"/><line nr="79" mi="155" ci="113" mb="31" cb="9"/><line nr="80" mi="0" ci="13" mb="1" cb="1"/><line nr="81" mi="3" ci="7" mb="0" cb="0"/><counter type="INSTRUCTION" missed="735" covered="1769"/><counter type="BRANCH" missed="164" covered="50"/><counter type="LINE" missed="0" covered="26"/><counter type="COMPLEXITY" missed="139" covered="12"/><counter type="METHOD" missed="1" covered="6"/><counter type="CLASS" missed="0" covered="1"/></sourcefile><sourcefile name="tests/03_listener_test.bal"><line nr="23" mi="0" ci="22" mb="0" cb="0"/><line nr="24" mi="0" ci="37" mb="0" cb="0"/><line nr="26" mi="173" ci="95" mb="1" cb="1"/><line nr="27" mi="0" ci="7" mb="1" cb="1"/><line nr="28" mi="0" ci="31" mb="0" cb="0"/><line nr="29" mi="0" ci="2" mb="0" cb="0"/><line nr="31" mi="0" ci="31" mb="0" cb="0"/><line nr="32" mi="0" ci="40" mb="0" cb="0"/><line nr="33" mi="0" ci="4" mb="0" cb="0"/><line nr="34" mi="0" ci="4" mb="0" cb="0"/><line nr="37" mi="29" ci="415" mb="5" cb="3"/><line nr="38" mi="0" ci="25" mb="1" cb="1"/><line nr="39" mi="0" ci="24" mb="1" cb="1"/><line nr="41" mi="305" ci="166" mb="43" cb="11"/><line nr="42" mi="0" ci="13" mb="1" cb="1"/><line nr="43" mi="3" ci="7" mb="0" cb="0"/><line nr="45" mi="0" ci="22" mb="0" cb="0"/><line nr="46" mi="0" ci="37" mb="0" cb="0"/><line nr="48" mi="173" ci="95" mb="1" cb="1"/><line nr="49" mi="0" ci="2" mb="0" cb="0"/><line nr="50" mi="24" ci="404" mb="4" cb="2"/><line nr="51" mi="0" ci="31" mb="0" cb="0"/><line nr="52" mi="0" ci="29" mb="0" cb="0"/><line nr="53" mi="0" ci="29" mb="0" cb="0"/><line nr="54" mi="0" ci="29" mb="0" cb="0"/><line nr="55" mi="0" ci="4" mb="0" cb="0"/><line nr="60" mi="29" ci="82" mb="5" cb="3"/><line nr="61" mi="0" ci="23" mb="1" cb="1"/><line nr="63" mi="0" ci="6" mb="0" cb="0"/><line nr="64" mi="305" ci="164" mb="43" cb="11"/><line nr="65" mi="0" ci="13" mb="1" cb="1"/><line nr="66" mi="3" ci="7" mb="0" cb="0"/><counter type="INSTRUCTION" missed="1059" covered="2246"/><counter type="BRANCH" missed="249" covered="60"/><counter type="LINE" missed="0" covered="32"/><counter type="COMPLEXITY" missed="213" covered="12"/><counter type="METHOD" missed="1" covered="6"/><counter type="CLASS" missed="0" covered="1"/></sourcefile><sourcefile name="tests/01_schema_generation.bal"><line nr="19" mi="0" ci="22" mb="0" cb="0"/><line nr="20" mi="0" ci="47" mb="0" cb="0"/><line nr="22" mi="105" ci="34" mb="0" cb="0"/><line nr="23" mi="0" ci="11" mb="1" cb="1"/><line nr="24" mi="0" ci="13" mb="1" cb="1"/><line nr="25" mi="55" ci="9" mb="0" cb="0"/><line nr="27" mi="0" ci="22" mb="0" cb="0"/><line nr="28" mi="0" ci="47" mb="0" cb="0"/><line nr="30" mi="105" ci="34" mb="0" cb="0"/><line nr="31" mi="0" ci="11" mb="1" cb="1"/><line nr="32" mi="0" ci="13" mb="1" cb="1"/><line nr="33" mi="55" ci="9" mb="0" cb="0"/><counter type="INSTRUCTION" missed="331" covered="380"/><counter type="BRANCH" missed="32" covered="16"/><counter type="LINE" missed="0" covered="12"/><counter type="COMPLEXITY" missed="33" covered="4"/><counter type="METHOD" missed="1" covered="4"/><counter type="CLASS" missed="0" covered="1"/></sourcefile><sourcefile name="tests/12_listener_configurations_test.bal"><line nr="34" mi="0" ci="23" mb="0" cb="0"/><line nr="35" mi="0" ci="2" mb="0" cb="0"/><line nr="37" mi="81" ci="34" mb="0" cb="0"/><line nr="44" mi="81" ci="57" mb="0" cb="0"/><line nr="45" mi="0" ci="2" mb="0" cb="0"/><line nr="53" mi="0" ci="22" mb="0" cb="0"/><line nr="54" mi="0" ci="37" mb="0" cb="0"/><line nr="56" mi="99" ci="34" mb="0" cb="0"/><line nr="57" mi="0" ci="2" mb="0" cb="0"/><line nr="58" mi="0" ci="31" mb="0" cb="0"/><line nr="59" mi="0" ci="2" mb="0" cb="0"/><line nr="61" mi="29" ci="455" mb="5" cb="3"/><line nr="62" mi="0" ci="25" mb="1" cb="1"/><line nr="63" mi="0" ci="24" mb="1" cb="1"/><line nr="65" mi="193" ci="267" mb="38" cb="16"/><line nr="66" mi="1" ci="8" mb="1" cb="1"/><line nr="67" mi="0" ci="10" mb="0" cb="0"/><line nr="68" mi="0" ci="83" mb="2" cb="2"/><line nr="70" mi="0" ci="18" mb="0" cb="2"/><line nr="71" mi="0" ci="2" mb="0" cb="0"/><line nr="72" mi="21" ci="30" mb="4" cb="2"/><line nr="73" mi="0" ci="62" mb="1" cb="1"/><line nr="75" mi="15" ci="0" mb="2" cb="0"/><line nr="76" mi="1" ci="0" mb="0" cb="0"/><line nr="77" mi="3" ci="7" mb="0" cb="0"/><line nr="79" mi="0" ci="22" mb="0" cb="0"/><line nr="80" mi="0" ci="47" mb="0" cb="0"/><line nr="82" mi="105" ci="34" mb="0" cb="0"/><line nr="83" mi="213" ci="85" mb="5" cb="3"/><line nr="84" mi="6" ci="61" mb="2" cb="2"/><line nr="85" mi="1" ci="26" mb="1" cb="1"/><line nr="86" mi="0" ci="2" mb="0" cb="0"/><line nr="87" mi="0" ci="80" mb="2" cb="2"/><line nr="89" mi="15" ci="0" mb="2" cb="0"/><line nr="90" mi="1" ci="0" mb="0" cb="0"/><line nr="91" mi="3" ci="7" mb="0" cb="0"/><line nr="93" mi="0" ci="22" mb="0" cb="0"/><line nr="94" mi="0" ci="47" mb="0" cb="0"/><line nr="96" mi="105" ci="34" mb="0" cb="0"/><line nr="97" mi="195" ci="109" mb="5" cb="3"/><line nr="98" mi="0" ci="35" mb="1" cb="1"/><line nr="99" mi="1" ci="26" mb="1" cb="1"/><line nr="100" mi="0" ci="2" mb="0" cb="0"/><line nr="101" mi="0" ci="80" mb="2" cb="2"/><line nr="103" mi="15" ci="0" mb="2" cb="0"/><line nr="104" mi="1" ci="0" mb="0" cb="0"/><line nr="105" mi="3" ci="7" mb="0" cb="0"/><line nr="107" mi="0" ci="22" mb="0" cb="0"/><line nr="108" mi="0" ci="37" mb="0" cb="0"/><line nr="110" mi="99" ci="34" mb="0" cb="0"/><line nr="111" mi="0" ci="2" mb="0" cb="0"/><line nr="112" mi="0" ci="31" mb="0" cb="0"/><line nr="113" mi="0" ci="2" mb="0" cb="0"/><line nr="115" mi="29" ci="458" mb="5" cb="3"/><line nr="116" mi="0" ci="25" mb="1" cb="1"/><line nr="117" mi="0" ci="24" mb="1" cb="1"/><line nr="119" mi="305" ci="164" mb="43" cb="11"/><line nr="121" mi="0" ci="35" mb="0" cb="0"/><line nr="123" mi="0" ci="65" mb="0" cb="0"/><line nr="124" mi="0" ci="4" mb="0" cb="0"/><line nr="126" mi="0" ci="63" mb="0" cb="0"/><line nr="127" mi="0" ci="5" mb="0" cb="0"/><line nr="128" mi="0" ci="5" mb="0" cb="0"/><line nr="134" mi="0" ci="13" mb="1" cb="1"/><line nr="135" mi="3" ci="7" mb="0" cb="0"/><counter type="INSTRUCTION" missed="1647" covered="3509"/><counter type="BRANCH" missed="333" covered="96"/><counter type="LINE" missed="6" covered="59"/><counter type="COMPLEXITY" missed="297" covered="18"/><counter type="METHOD" missed="1" covered="10"/><counter type="CLASS" missed="0" covered="1"/></sourcefile><sourcefile name="tests/06_client_test.bal"><line nr="25" mi="0" ci="22" mb="0" cb="0"/><line nr="26" mi="0" ci="37" mb="0" cb="0"/><line nr="28" mi="173" ci="95" mb="1" cb="1"/><line nr="29" mi="29" ci="369" mb="5" cb="3"/><line nr="30" mi="0" ci="2" mb="0" cb="0"/><line nr="32" mi="0" ci="33" mb="0" cb="0"/><line nr="33" mi="0" ci="29" mb="0" cb="0"/><line nr="34" mi="0" ci="51" mb="0" cb="0"/><line nr="35" mi="0" ci="4" mb="0" cb="0"/><line nr="36" mi="0" ci="5" mb="0" cb="0"/><line nr="37" mi="0" ci="29" mb="0" cb="0"/><line nr="38" mi="0" ci="4" mb="0" cb="0"/><line nr="43" mi="155" ci="113" mb="31" cb="9"/><line nr="44" mi="0" ci="13" mb="1" cb="1"/><line nr="45" mi="3" ci="7" mb="0" cb="0"/><counter type="INSTRUCTION" missed="369" covered="967"/><counter type="BRANCH" missed="82" covered="25"/><counter type="LINE" missed="0" covered="15"/><counter type="COMPLEXITY" missed="70" covered="6"/><counter type="METHOD" missed="1" covered="3"/><counter type="CLASS" missed="0" covered="1"/></sourcefile><sourcefile name="tests/04_resource_functions_with_input_parameters.bal"><line nr="29" mi="0" ci="22" mb="0" cb="0"/><line nr="30" mi="0" ci="37" mb="0" cb="0"/><line nr="32" mi="173" ci="95" mb="1" cb="1"/><line nr="33" mi="0" ci="7" mb="1" cb="1"/><line nr="34" mi="0" ci="31" mb="0" cb="0"/><line nr="35" mi="0" ci="2" mb="0" cb="0"/><line nr="37" mi="0" ci="31" mb="0" cb="0"/><line nr="38" mi="0" ci="29" mb="0" cb="0"/><line nr="39" mi="0" ci="4" mb="0" cb="0"/><line nr="42" mi="29" ci="403" mb="5" cb="3"/><line nr="43" mi="0" ci="25" mb="1" cb="1"/><line nr="44" mi="0" ci="24" mb="1" cb="1"/><line nr="46" mi="305" ci="166" mb="43" cb="11"/><line nr="47" mi="0" ci="13" mb="1" cb="1"/><line nr="48" mi="3" ci="7" mb="0" cb="0"/><counter type="INSTRUCTION" missed="519" covered="1060"/><counter type="BRANCH" missed="121" covered="30"/><counter type="LINE" missed="0" covered="15"/><counter type="COMPLEXITY" missed="104" covered="6"/><counter type="METHOD" missed="1" covered="3"/><counter type="CLASS" missed="0" covered="1"/></sourcefile><sourcefile name="tests/07_errors_test.bal"><line nr="25" mi="0" ci="22" mb="0" cb="0"/><line nr="26" mi="0" ci="47" mb="0" cb="0"/><line nr="28" mi="179" ci="95" mb="1" cb="1"/><line nr="29" mi="29" ci="356" mb="5" cb="3"/><line nr="30" mi="0" ci="2" mb="0" cb="0"/><line nr="32" mi="0" ci="35" mb="0" cb="0"/><line nr="34" mi="0" ci="65" mb="0" cb="0"/><line nr="35" mi="0" ci="4" mb="0" cb="0"/><line nr="37" mi="0" ci="63" mb="0" cb="0"/><line nr="38" mi="0" ci="5" mb="0" cb="0"/><line nr="39" mi="0" ci="5" mb="0" cb="0"/><line nr="45" mi="155" ci="113" mb="31" cb="9"/><line nr="46" mi="0" ci="13" mb="1" cb="1"/><line nr="47" mi="3" ci="7" mb="0" cb="0"/><line nr="49" mi="0" ci="22" mb="0" cb="0"/><line nr="50" mi="0" ci="47" mb="0" cb="0"/><line nr="52" mi="179" ci="95" mb="1" cb="1"/><line nr="53" mi="29" ci="356" mb="5" cb="3"/><line nr="54" mi="0" ci="2" mb="0" cb="0"/><line nr="56" mi="0" ci="35" mb="0" cb="0"/><line nr="58" mi="0" ci="65" mb="0" cb="0"/><line nr="59" mi="0" ci="4" mb="0" cb="0"/><line nr="61" mi="0" ci="63" mb="0" cb="0"/><line nr="62" mi="0" ci="5" mb="0" cb="0"/><line nr="63" mi="0" ci="5" mb="0" cb="0"/><line nr="69" mi="155" ci="113" mb="31" cb="9"/><line nr="70" mi="0" ci="13" mb="1" cb="1"/><line nr="71" mi="3" ci="7" mb="0" cb="0"/><line nr="73" mi="0" ci="22" mb="0" cb="0"/><line nr="74" mi="0" ci="47" mb="0" cb="0"/><line nr="76" mi="179" ci="95" mb="1" cb="1"/><line nr="77" mi="29" ci="362" mb="5" cb="3"/><line nr="78" mi="0" ci="2" mb="0" cb="0"/><line nr="80" mi="0" ci="6" mb="0" cb="0"/><line nr="81" mi="0" ci="2" mb="0" cb="0"/><line nr="82" mi="0" ci="35" mb="0" cb="0"/><line nr="84" mi="0" ci="65" mb="0" cb="0"/><line nr="85" mi="0" ci="2" mb="0" cb="0"/><line nr="87" mi="0" ci="63" mb="0" cb="0"/><line nr="88" mi="0" ci="5" mb="0" cb="0"/><line nr="89" mi="0" ci="5" mb="0" cb="0"/><line nr="95" mi="155" ci="113" mb="31" cb="9"/><line nr="96" mi="0" ci="13" mb="1" cb="1"/><line nr="97" mi="3" ci="7" mb="0" cb="0"/><line nr="99" mi="0" ci="22" mb="0" cb="0"/><line nr="100" mi="0" ci="47" mb="0" cb="0"/><line nr="102" mi="179" ci="95" mb="1" cb="1"/><line nr="103" mi="29" ci="362" mb="5" cb="3"/><line nr="104" mi="0" ci="2" mb="0" cb="0"/><line nr="106" mi="0" ci="6" mb="0" cb="0"/><line nr="107" mi="0" ci="2" mb="0" cb="0"/><line nr="108" mi="0" ci="35" mb="0" cb="0"/><line nr="110" mi="0" ci="65" mb="0" cb="0"/><line nr="111" mi="0" ci="2" mb="0" cb="0"/><line nr="113" mi="0" ci="63" mb="0" cb="0"/><line nr="114" mi="0" ci="5" mb="0" cb="0"/><line nr="115" mi="0" ci="5" mb="0" cb="0"/><line nr="121" mi="155" ci="113" mb="31" cb="9"/><line nr="122" mi="0" ci="13" mb="1" cb="1"/><line nr="123" mi="3" ci="7" mb="0" cb="0"/><line nr="125" mi="0" ci="22" mb="0" cb="0"/><line nr="126" mi="0" ci="47" mb="0" cb="0"/><line nr="128" mi="179" ci="95" mb="1" cb="1"/><line nr="129" mi="29" ci="362" mb="5" cb="3"/><line nr="130" mi="0" ci="2" mb="0" cb="0"/><line nr="132" mi="0" ci="2" mb="0" cb="0"/><line nr="133" mi="0" ci="35" mb="0" cb="0"/><line nr="135" mi="0" ci="65" mb="0" cb="0"/><line nr="136" mi="0" ci="2" mb="0" cb="0"/><line nr="138" mi="0" ci="63" mb="0" cb="0"/><line nr="139" mi="0" ci="5" mb="0" cb="0"/><line nr="140" mi="0" ci="5" mb="0" cb="0"/><line nr="146" mi="155" ci="113" mb="31" cb="9"/><line nr="147" mi="0" ci="13" mb="1" cb="1"/><line nr="148" mi="3" ci="7" mb="0" cb="0"/><line nr="150" mi="0" ci="22" mb="0" cb="0"/><line nr="151" mi="0" ci="47" mb="0" cb="0"/><line nr="153" mi="179" ci="95" mb="1" cb="1"/><line nr="154" mi="29" ci="422" mb="5" cb="3"/><line nr="155" mi="0" ci="2" mb="0" cb="0"/><line nr="157" mi="0" ci="2" mb="0" cb="0"/><line nr="158" mi="0" ci="2" mb="0" cb="0"/><line nr="159" mi="0" ci="35" mb="0" cb="0"/><line nr="161" mi="0" ci="42" mb="0" cb="0"/><line nr="162" mi="0" ci="2" mb="0" cb="0"/><line nr="164" mi="0" ci="63" mb="0" cb="0"/><line nr="165" mi="0" ci="5" mb="0" cb="0"/><line nr="166" mi="0" ci="5" mb="0" cb="0"/><line nr="170" mi="0" ci="73" mb="0" cb="0"/><line nr="171" mi="0" ci="2" mb="0" cb="0"/><line nr="173" mi="0" ci="63" mb="0" cb="0"/><line nr="174" mi="0" ci="5" mb="0" cb="0"/><line nr="175" mi="0" ci="5" mb="0" cb="0"/><line nr="181" mi="155" ci="113" mb="31" cb="9"/><line nr="182" mi="0" ci="13" mb="1" cb="1"/><line nr="183" mi="3" ci="7" mb="0" cb="0"/><line nr="185" mi="0" ci="22" mb="0" cb="0"/><line nr="186" mi="0" ci="47" mb="0" cb="0"/><line nr="188" mi="179" ci="95" mb="1" cb="1"/><line nr="189" mi="29" ci="362" mb="5" cb="3"/><line nr="190" mi="0" ci="2" mb="0" cb="0"/><line nr="192" mi="0" ci="2" mb="0" cb="0"/><line nr="193" mi="0" ci="35" mb="0" cb="0"/><line nr="195" mi="0" ci="65" mb="0" cb="0"/><line nr="196" mi="0" ci="2" mb="0" cb="0"/><line nr="198" mi="0" ci="63" mb="0" cb="0"/><line nr="199" mi="0" ci="5" mb="0" cb="0"/><line nr="200" mi="0" ci="5" mb="0" cb="0"/><line nr="206" mi="155" ci="113" mb="31" cb="9"/><line nr="207" mi="0" ci="13" mb="1" cb="1"/><line nr="208" mi="3" ci="7" mb="0" cb="0"/><line nr="210" mi="0" ci="22" mb="0" cb="0"/><line nr="211" mi="0" ci="47" mb="0" cb="0"/><line nr="213" mi="179" ci="95" mb="1" cb="1"/><line nr="214" mi="29" ci="362" mb="5" cb="3"/><line nr="215" mi="0" ci="2" mb="0" cb="0"/><line nr="217" mi="0" ci="2" mb="0" cb="0"/><line nr="218" mi="0" ci="35" mb="0" cb="0"/><line nr="220" mi="0" ci="65" mb="0" cb="0"/><line nr="221" mi="0" ci="2" mb="0" cb="0"/><line nr="223" mi="0" ci="63" mb="0" cb="0"/><line nr="224" mi="0" ci="5" mb="0" cb="0"/><line nr="225" mi="0" ci="5" mb="0" cb="0"/><line nr="231" mi="155" ci="113" mb="31" cb="9"/><line nr="232" mi="0" ci="13" mb="1" cb="1"/><line nr="233" mi="3" ci="7" mb="0" cb="0"/><counter type="INSTRUCTION" missed="2979" covered="8139"/><counter type="BRANCH" missed="656" covered="200"/><counter type="LINE" missed="0" covered="126"/><counter type="COMPLEXITY" missed="553" covered="48"/><counter type="METHOD" missed="1" covered="24"/><counter type="CLASS" missed="0" covered="1"/></sourcefile><sourcefile name="tests/09_resources_returning_union_types.bal"><line nr="19" mi="0" ci="22" mb="0" cb="0"/><line nr="20" mi="0" ci="37" mb="0" cb="0"/><line nr="22" mi="99" ci="34" mb="0" cb="0"/><line nr="23" mi="195" ci="109" mb="5" cb="3"/><line nr="24" mi="45" ci="5" mb="2" cb="0"/><line nr="25" mi="0" ci="17" mb="1" cb="1"/><line nr="26" mi="0" ci="5" mb="0" cb="0"/><line nr="27" mi="0" ci="4" mb="0" cb="0"/><line nr="28" mi="0" ci="68" mb="2" cb="2"/><line nr="29" mi="3" ci="7" mb="0" cb="0"/><line nr="47" mi="0" ci="22" mb="0" cb="0"/><line nr="48" mi="0" ci="37" mb="0" cb="0"/><line nr="50" mi="173" ci="95" mb="1" cb="1"/><line nr="51" mi="29" ci="356" mb="5" cb="3"/><line nr="52" mi="0" ci="2" mb="0" cb="0"/><line nr="54" mi="0" ci="35" mb="0" cb="0"/><line nr="56" mi="0" ci="65" mb="0" cb="0"/><line nr="57" mi="0" ci="4" mb="0" cb="0"/><line nr="59" mi="0" ci="63" mb="0" cb="0"/><line nr="60" mi="0" ci="5" mb="0" cb="0"/><line nr="61" mi="0" ci="5" mb="0" cb="0"/><line nr="67" mi="155" ci="113" mb="31" cb="9"/><line nr="68" mi="0" ci="13" mb="1" cb="1"/><line nr="69" mi="3" ci="7" mb="0" cb="0"/><counter type="INSTRUCTION" missed="715" covered="1368"/><counter type="BRANCH" missed="120" covered="37"/><counter type="LINE" missed="0" covered="24"/><counter type="COMPLEXITY" missed="106" covered="8"/><counter type="METHOD" missed="1" covered="5"/><counter type="CLASS" missed="0" covered="1"/></sourcefile><sourcefile name="tests/02_document_validation.bal"><line nr="23" mi="0" ci="22" mb="0" cb="0"/><line nr="24" mi="0" ci="37" mb="0" cb="0"/><line nr="26" mi="173" ci="95" mb="1" cb="1"/><line nr="27" mi="24" ci="533" mb="4" cb="2"/><line nr="28" mi="0" ci="7" mb="1" cb="1"/><line nr="29" mi="29" ci="82" mb="5" cb="3"/><line nr="30" mi="0" ci="31" mb="0" cb="0"/><line nr="31" mi="0" ci="2" mb="0" cb="0"/><line nr="33" mi="0" ci="25" mb="1" cb="1"/><line nr="34" mi="0" ci="24" mb="1" cb="1"/><line nr="36" mi="0" ci="33" mb="0" cb="0"/><line nr="38" mi="0" ci="65" mb="0" cb="0"/><line nr="39" mi="0" ci="4" mb="0" cb="0"/><line nr="41" mi="0" ci="63" mb="0" cb="0"/><line nr="42" mi="0" ci="5" mb="0" cb="0"/><line nr="43" mi="0" ci="5" mb="0" cb="0"/><line nr="49" mi="305" ci="166" mb="43" cb="11"/><line nr="50" mi="0" ci="15" mb="1" cb="1"/><line nr="51" mi="24" ci="41" mb="4" cb="2"/><line nr="52" mi="3" ci="7" mb="0" cb="0"/><line nr="54" mi="0" ci="33" mb="0" cb="0"/><line nr="55" mi="0" ci="37" mb="0" cb="0"/><line nr="56" mi="6" ci="89" mb="0" cb="0"/><line nr="58" mi="185" ci="95" mb="1" cb="1"/><line nr="59" mi="24" ci="490" mb="4" cb="2"/><line nr="60" mi="0" ci="7" mb="1" cb="1"/><line nr="61" mi="29" ci="82" mb="5" cb="3"/><line nr="62" mi="0" ci="31" mb="0" cb="0"/><line nr="63" mi="0" ci="2" mb="0" cb="0"/><line nr="65" mi="0" ci="25" mb="1" cb="1"/><line nr="66" mi="0" ci="24" mb="1" cb="1"/><line nr="68" mi="0" ci="31" mb="0" cb="0"/><line nr="69" mi="0" ci="40" mb="0" cb="0"/><line nr="70" mi="0" ci="4" mb="0" cb="0"/><line nr="71" mi="0" ci="5" mb="0" cb="0"/><line nr="75" mi="305" ci="166" mb="43" cb="11"/><line nr="76" mi="0" ci="15" mb="1" cb="1"/><line nr="77" mi="24" ci="41" mb="4" cb="2"/><line nr="78" mi="3" ci="7" mb="0" cb="0"/><counter type="INSTRUCTION" missed="1149" covered="2880"/><counter type="BRANCH" missed="286" covered="68"/><counter type="LINE" missed="0" covered="39"/><counter type="COMPLEXITY" missed="248" covered="12"/><counter type="METHOD" missed="2" covered="6"/><counter type="CLASS" missed="0" covered="1"/></sourcefile><sourcefile name="tests/11_introspection_queries.bal"><line nr="19" mi="0" ci="22" mb="0" cb="0"/><line nr="20" mi="0" ci="37" mb="0" cb="0"/><line nr="22" mi="173" ci="95" mb="1" cb="1"/><line nr="23" mi="29" ci="525" mb="5" cb="3"/><line nr="24" mi="0" ci="4" mb="0" cb="0"/><line nr="25" mi="155" ci="111" mb="31" cb="9"/><line nr="26" mi="0" ci="33" mb="0" cb="0"/><line nr="27" mi="0" ci="29" mb="0" cb="0"/><line nr="28" mi="0" ci="31" mb="0" cb="0"/><line nr="30" mi="0" ci="40" mb="0" cb="0"/><line nr="31" mi="0" ci="4" mb="0" cb="0"/><line nr="32" mi="0" ci="4" mb="0" cb="0"/><line nr="34" mi="0" ci="40" mb="0" cb="0"/><line nr="35" mi="0" ci="4" mb="0" cb="0"/><line nr="36" mi="0" ci="4" mb="0" cb="0"/><line nr="38" mi="0" ci="40" mb="0" cb="0"/><line nr="39" mi="0" ci="4" mb="0" cb="0"/><line nr="40" mi="0" ci="4" mb="0" cb="0"/><line nr="42" mi="0" ci="40" mb="0" cb="0"/><line nr="43" mi="0" ci="4" mb="0" cb="0"/><line nr="44" mi="0" ci="4" mb="0" cb="0"/><line nr="46" mi="0" ci="40" mb="0" cb="0"/><line nr="47" mi="0" ci="4" mb="0" cb="0"/><line nr="48" mi="0" ci="4" mb="0" cb="0"/><line nr="50" mi="0" ci="40" mb="0" cb="0"/><line nr="51" mi="0" ci="4" mb="0" cb="0"/><line nr="52" mi="0" ci="4" mb="0" cb="0"/><line nr="54" mi="0" ci="111" mb="0" cb="0"/><line nr="55" mi="0" ci="4" mb="0" cb="0"/><line nr="56" mi="0" ci="4" mb="0" cb="0"/><line nr="62" mi="0" ci="13" mb="1" cb="1"/><line nr="63" mi="3" ci="7" mb="0" cb="0"/><line nr="65" mi="0" ci="22" mb="0" cb="0"/><line nr="66" mi="0" ci="37" mb="0" cb="0"/><line nr="68" mi="173" ci="95" mb="1" cb="1"/><line nr="70" mi="29" ci="705" mb="5" cb="3"/><line nr="71" mi="0" ci="4" mb="0" cb="0"/><line nr="72" mi="155" ci="111" mb="31" cb="9"/><line nr="73" mi="0" ci="33" mb="0" cb="0"/><line nr="74" mi="0" ci="29" mb="0" cb="0"/><line nr="75" mi="0" ci="31" mb="0" cb="0"/><line nr="77" mi="0" ci="40" mb="0" cb="0"/><line nr="78" mi="0" ci="4" mb="0" cb="0"/><line nr="79" mi="0" ci="4" mb="0" cb="0"/><line nr="81" mi="0" ci="40" mb="0" cb="0"/><line nr="82" mi="0" ci="4" mb="0" cb="0"/><line nr="83" mi="0" ci="4" mb="0" cb="0"/><line nr="85" mi="0" ci="40" mb="0" cb="0"/><line nr="86" mi="0" ci="4" mb="0" cb="0"/><line nr="87" mi="0" ci="4" mb="0" cb="0"/><line nr="89" mi="0" ci="40" mb="0" cb="0"/><line nr="90" mi="0" ci="4" mb="0" cb="0"/><line nr="91" mi="0" ci="4" mb="0" cb="0"/><line nr="93" mi="0" ci="40" mb="0" cb="0"/><line nr="94" mi="0" ci="4" mb="0" cb="0"/><line nr="95" mi="0" ci="4" mb="0" cb="0"/><line nr="97" mi="0" ci="40" mb="0" cb="0"/><line nr="98" mi="0" ci="4" mb="0" cb="0"/><line nr="99" mi="0" ci="4" mb="0" cb="0"/><line nr="101" mi="0" ci="40" mb="0" cb="0"/><line nr="102" mi="0" ci="4" mb="0" cb="0"/><line nr="103" mi="0" ci="4" mb="0" cb="0"/><line nr="105" mi="0" ci="40" mb="0" cb="0"/><line nr="106" mi="0" ci="4" mb="0" cb="0"/><line nr="107" mi="0" ci="4" mb="0" cb="0"/><line nr="109" mi="0" ci="40" mb="0" cb="0"/><line nr="110" mi="0" ci="4" mb="0" cb="0"/><line nr="111" mi="0" ci="4" mb="0" cb="0"/><line nr="113" mi="0" ci="40" mb="0" cb="0"/><line nr="114" mi="0" ci="4" mb="0" cb="0"/><line nr="115" mi="0" ci="4" mb="0" cb="0"/><line nr="117" mi="0" ci="40" mb="0" cb="0"/><line nr="118" mi="0" ci="4" mb="0" cb="0"/><line nr="119" mi="0" ci="4" mb="0" cb="0"/><line nr="121" mi="0" ci="40" mb="0" cb="0"/><line nr="122" mi="0" ci="4" mb="0" cb="0"/><line nr="123" mi="0" ci="4" mb="0" cb="0"/><line nr="125" mi="0" ci="159" mb="0" cb="0"/><line nr="126" mi="0" ci="4" mb="0" cb="0"/><line nr="127" mi="0" ci="4" mb="0" cb="0"/><line nr="133" mi="0" ci="13" mb="1" cb="1"/><line nr="134" mi="3" ci="7" mb="0" cb="0"/><line nr="136" mi="0" ci="22" mb="0" cb="0"/><line nr="137" mi="0" ci="37" mb="0" cb="0"/><line nr="139" mi="173" ci="95" mb="1" cb="1"/><line nr="140" mi="29" ci="362" mb="5" cb="3"/><line nr="141" mi="0" ci="4" mb="0" cb="0"/><line nr="142" mi="155" ci="111" mb="31" cb="9"/><line nr="143" mi="0" ci="2" mb="0" cb="0"/><line nr="144" mi="0" ci="35" mb="0" cb="0"/><line nr="146" mi="0" ci="65" mb="0" cb="0"/><line nr="147" mi="0" ci="2" mb="0" cb="0"/><line nr="149" mi="0" ci="63" mb="0" cb="0"/><line nr="150" mi="0" ci="5" mb="0" cb="0"/><line nr="151" mi="0" ci="5" mb="0" cb="0"/><line nr="157" mi="0" ci="13" mb="1" cb="1"/><line nr="158" mi="3" ci="7" mb="0" cb="0"/><line nr="160" mi="0" ci="22" mb="0" cb="0"/><line nr="161" mi="0" ci="37" mb="0" cb="0"/><line nr="163" mi="173" ci="95" mb="1" cb="1"/><line nr="164" mi="29" ci="362" mb="5" cb="3"/><line nr="165" mi="0" ci="4" mb="0" cb="0"/><line nr="166" mi="155" ci="111" mb="31" cb="9"/><line nr="167" mi="0" ci="6" mb="0" cb="0"/><line nr="168" mi="0" ci="2" mb="0" cb="0"/><line nr="169" mi="0" ci="35" mb="0" cb="0"/><line nr="171" mi="0" ci="65" mb="0" cb="0"/><line nr="172" mi="0" ci="2" mb="0" cb="0"/><line nr="174" mi="0" ci="63" mb="0" cb="0"/><line nr="175" mi="0" ci="5" mb="0" cb="0"/><line nr="176" mi="0" ci="5" mb="0" cb="0"/><line nr="182" mi="0" ci="13" mb="1" cb="1"/><line nr="183" mi="3" ci="7" mb="0" cb="0"/><line nr="185" mi="0" ci="22" mb="0" cb="0"/><line nr="186" mi="0" ci="37" mb="0" cb="0"/><line nr="188" mi="173" ci="95" mb="1" cb="1"/><line nr="189" mi="29" ci="376" mb="5" cb="3"/><line nr="190" mi="0" ci="4" mb="0" cb="0"/><line nr="191" mi="155" ci="111" mb="31" cb="9"/><line nr="192" mi="0" ci="33" mb="0" cb="0"/><line nr="193" mi="0" ci="29" mb="0" cb="0"/><line nr="194" mi="0" ci="29" mb="0" cb="0"/><line nr="195" mi="0" ci="42" mb="0" cb="0"/><line nr="196" mi="0" ci="4" mb="0" cb="0"/><line nr="198" mi="0" ci="52" mb="0" cb="0"/><line nr="199" mi="0" ci="4" mb="0" cb="0"/><line nr="206" mi="0" ci="13" mb="1" cb="1"/><line nr="207" mi="3" ci="7" mb="0" cb="0"/><counter type="INSTRUCTION" missed="1833" covered="6596"/><counter type="BRANCH" missed="410" covered="125"/><counter type="LINE" missed="0" covered="128"/><counter type="COMPLEXITY" missed="346" covered="30"/><counter type="METHOD" missed="1" covered="15"/><counter type="CLASS" missed="0" covered="1"/></sourcefile><sourcefile name="tests/05_resource_functions_returning_records.bal"><line nr="20" mi="0" ci="22" mb="0" cb="0"/><line nr="21" mi="0" ci="37" mb="0" cb="0"/><line nr="23" mi="173" ci="95" mb="1" cb="1"/><line nr="24" mi="0" ci="2" mb="0" cb="0"/><line nr="25" mi="0" ci="31" mb="0" cb="0"/><line nr="26" mi="0" ci="2" mb="0" cb="0"/><line nr="28" mi="0" ci="31" mb="0" cb="0"/><line nr="29" mi="0" ci="29" mb="0" cb="0"/><line nr="30" mi="0" ci="40" mb="0" cb="0"/><line nr="31" mi="0" ci="4" mb="0" cb="0"/><line nr="32" mi="0" ci="29" mb="0" cb="0"/><line nr="33" mi="0" ci="4" mb="0" cb="0"/><line nr="38" mi="29" ci="453" mb="5" cb="3"/><line nr="39" mi="0" ci="25" mb="1" cb="1"/><line nr="40" mi="0" ci="24" mb="1" cb="1"/><line nr="42" mi="305" ci="166" mb="43" cb="11"/><line nr="43" mi="0" ci="13" mb="1" cb="1"/><line nr="44" mi="3" ci="7" mb="0" cb="0"/><counter type="INSTRUCTION" missed="519" covered="1192"/><counter type="BRANCH" missed="119" covered="29"/><counter type="LINE" missed="0" covered="18"/><counter type="COMPLEXITY" missed="102" covered="6"/><counter type="METHOD" missed="1" covered="3"/><counter type="CLASS" missed="0" covered="1"/></sourcefile><sourcefile name="tests/10_resources_returning_arrays.bal"><line nr="33" mi="0" ci="22" mb="0" cb="0"/><line nr="34" mi="0" ci="47" mb="0" cb="0"/><line nr="36" mi="179" ci="95" mb="1" cb="1"/><line nr="37" mi="29" ci="325" mb="5" cb="3"/><line nr="38" mi="0" ci="4" mb="0" cb="0"/><line nr="39" mi="155" ci="111" mb="31" cb="9"/><line nr="40" mi="0" ci="33" mb="0" cb="0"/><line nr="41" mi="0" ci="31" mb="0" cb="0"/><line nr="42" mi="0" ci="54" mb="0" cb="0"/><line nr="45" mi="0" ci="13" mb="1" cb="1"/><line nr="46" mi="3" ci="7" mb="0" cb="0"/><line nr="48" mi="0" ci="22" mb="0" cb="0"/><line nr="49" mi="0" ci="47" mb="0" cb="0"/><line nr="51" mi="179" ci="95" mb="1" cb="1"/><line nr="52" mi="29" ci="435" mb="5" cb="3"/><line nr="53" mi="0" ci="4" mb="0" cb="0"/><line nr="54" mi="155" ci="111" mb="31" cb="9"/><line nr="55" mi="0" ci="33" mb="0" cb="0"/><line nr="56" mi="0" ci="31" mb="0" cb="0"/><line nr="58" mi="0" ci="40" mb="0" cb="0"/><line nr="59" mi="0" ci="4" mb="0" cb="0"/><line nr="60" mi="0" ci="29" mb="0" cb="0"/><line nr="61" mi="0" ci="4" mb="0" cb="0"/><line nr="64" mi="0" ci="40" mb="0" cb="0"/><line nr="65" mi="0" ci="4" mb="0" cb="0"/><line nr="66" mi="0" ci="29" mb="0" cb="0"/><line nr="67" mi="0" ci="4" mb="0" cb="0"/><line nr="70" mi="0" ci="79" mb="0" cb="0"/><line nr="71" mi="0" ci="4" mb="0" cb="0"/><line nr="72" mi="0" ci="29" mb="0" cb="0"/><line nr="73" mi="0" ci="4" mb="0" cb="0"/><line nr="79" mi="0" ci="13" mb="1" cb="1"/><line nr="80" mi="3" ci="7" mb="0" cb="0"/><line nr="82" mi="0" ci="22" mb="0" cb="0"/><line nr="83" mi="0" ci="47" mb="0" cb="0"/><line nr="85" mi="179" ci="95" mb="1" cb="1"/><line nr="86" mi="29" ci="362" mb="5" cb="3"/><line nr="87" mi="0" ci="4" mb="0" cb="0"/><line nr="88" mi="155" ci="111" mb="31" cb="9"/><line nr="89" mi="0" ci="6" mb="0" cb="0"/><line nr="90" mi="0" ci="2" mb="0" cb="0"/><line nr="91" mi="0" ci="35" mb="0" cb="0"/><line nr="93" mi="0" ci="65" mb="0" cb="0"/><line nr="94" mi="0" ci="2" mb="0" cb="0"/><line nr="96" mi="0" ci="63" mb="0" cb="0"/><line nr="97" mi="0" ci="5" mb="0" cb="0"/><line nr="98" mi="0" ci="5" mb="0" cb="0"/><line nr="104" mi="0" ci="13" mb="1" cb="1"/><line nr="105" mi="3" ci="7" mb="0" cb="0"/><line nr="107" mi="0" ci="22" mb="0" cb="0"/><line nr="108" mi="0" ci="47" mb="0" cb="0"/><line nr="110" mi="179" ci="95" mb="1" cb="1"/><line nr="111" mi="29" ci="772" mb="5" cb="3"/><line nr="112" mi="0" ci="4" mb="0" cb="0"/><line nr="113" mi="155" ci="111" mb="31" cb="9"/><line nr="114" mi="0" ci="33" mb="0" cb=
[...]
/><counter type="LINE" missed="0" covered="5"/><counter type="COMPLEXITY" missed="171" covered="48"/><counter type="METHOD" missed="50" covered="35"/><counter type="CLASS" missed="5" covered="10"/></sourcefile><sourcefile name="tests/05_resource_functions_returning_records.bal"><line nr="48" mi="157" ci="82" mb="8" cb="4"/><line nr="49" mi="0" ci="2" mb="0" cb="0"/><line nr="50" mi="0" ci="2" mb="0" cb="0"/><line nr="51" mi="0" ci="42" mb="0" cb="0"/><line nr="52" mi="0" ci="2" mb="0" cb="0"/><line nr="53" mi="0" ci="2" mb="0" cb="0"/><line nr="54" mi="0" ci="2" mb="0" cb="0"/><line nr="58" mi="43" ci="9" mb="0" cb="0"/><counter type="INSTRUCTION" missed="316" covered="265"/><counter type="BRANCH" missed="35" covered="18"/><counter type="LINE" missed="0" covered="8"/><counter type="COMPLEXITY" missed="38" covered="6"/><counter type="METHOD" missed="7" covered="5"/><counter type="CLASS" missed="4" covered="2"/></sourcefile><sourcefile name="tests/10_resources_returning_arrays.bal"><line nr="21" mi="71" ci="41" mb="8" cb="4"/><line nr="25" mi="95" ci="89" mb="8" cb="4"/><line nr="29" mi="71" ci="41" mb="8" cb="4"/><line nr="31" mi="43" ci="9" mb="0" cb="0"/><counter type="INSTRUCTION" missed="482" covered="413"/><counter type="BRANCH" missed="89" covered="44"/><counter type="LINE" missed="0" covered="4"/><counter type="COMPLEXITY" missed="92" covered="13"/><counter type="METHOD" missed="15" covered="10"/><counter type="CLASS" missed="12" covered="5"/></sourcefile><sourcefile name="validator_visitor.bal"><line nr="19" mi="0" ci="38" mb="1" cb="1"/><line nr="27" mi="0" ci="23" mb="0" cb="0"/><line nr="28" mi="0" ci="6" mb="0" cb="0"/><line nr="29" mi="0" ci="7" mb="0" cb="0"/><line nr="30" mi="85" ci="9" mb="0" cb="0"/><line nr="33" mi="0" ci="24" mb="1" cb="1"/><line nr="34" mi="61" ci="9" mb="0" cb="0"/><line nr="39" mi="0" ci="14" mb="1" cb="1"/><line nr="40" mi="0" ci="17" mb="0" cb="0"/><line nr="42" mi="0" ci="93" mb="3" cb="5"/><line nr="43" mi="0" ci="25" mb="1" cb="3"/><line nr="44" mi="0" ci="66" mb="1" cb="1"/><line nr="46" mi="0" ci="29" mb="1" cb="1"/><line nr="48" mi="0" ci="24" mb="1" cb="1"/><line nr="49" mi="163" ci="9" mb="0" cb="0"/><line nr="52" mi="2" ci="66" mb="2" cb="8"/><line nr="53" mi="0" ci="28" mb="2" cb="2"/><line nr="54" mi="0" ci="16" mb="0" cb="0"/><line nr="55" mi="0" ci="21" mb="1" cb="1"/><line nr="56" mi="0" ci="97" mb="3" cb="3"/><line nr="57" mi="236" ci="9" mb="0" cb="0"/><line nr="59" mi="0" ci="14" mb="1" cb="1"/><line nr="60" mi="0" ci="93" mb="3" cb="5"/><line nr="61" mi="0" ci="27" mb="1" cb="3"/><line nr="62" mi="0" ci="27" mb="1" cb="1"/><line nr="64" mi="0" ci="33" mb="0" cb="0"/><line nr="65" mi="0" ci="15" mb="0" cb="0"/><line nr="66" mi="0" ci="2" mb="0" cb="0"/><line nr="68" mi="0" ci="37" mb="1" cb="1"/><line nr="69" mi="0" ci="4" mb="0" cb="0"/><line nr="71" mi="3" ci="7" mb="0" cb="0"/><line nr="73" mi="9" ci="12" mb="2" cb="2"/><line nr="74" mi="0" ci="5" mb="0" cb="0"/><line nr="75" mi="0" ci="8" mb="0" cb="0"/><line nr="78" mi="0" ci="40" mb="2" cb="4"/><line nr="79" mi="422" ci="7" mb="0" cb="0"/><line nr="82" mi="0" ci="60" mb="0" cb="2"/><line nr="83" mi="0" ci="29" mb="1" cb="5"/><line nr="84" mi="0" ci="41" mb="2" cb="2"/><line nr="85" mi="0" ci="97" mb="3" cb="3"/><line nr="86" mi="3" ci="7" mb="0" cb="0"/><line nr="89" mi="0" ci="14" mb="1" cb="1"/><line nr="90" mi="0" ci="5" mb="0" cb="0"/><line nr="91" mi="0" ci="9" mb="0" cb="2"/><line nr="92" mi="0" ci="33" mb="2" cb="2"/><line nr="93" mi="0" ci="97" mb="3" cb="3"/><line nr="94" mi="3" ci="5" mb="0" cb="0"/><line nr="97" mi="0" ci="7" mb="0" cb="0"/><line nr="98" mi="0" ci="46" mb="1" cb="1"/><line nr="100" mi="0" ci="10" mb="0" cb="0"/><line nr="101" mi="0" ci="16" mb="1" cb="1"/><line nr="103" mi="0" ci="51" mb="2" cb="8"/><line nr="104" mi="0" ci="33" mb="2" cb="2"/><line nr="105" mi="0" ci="100" mb="3" cb="3"/><line nr="108" mi="0" ci="91" mb="3" cb="5"/><line nr="109" mi="5" ci="43" mb="1" cb="3"/><line nr="110" mi="0" ci="7" mb="0" cb="0"/><line nr="111" mi="0" ci="9" mb="0" cb="2"/><line nr="112" mi="0" ci="35" mb="0" cb="0"/><line nr="113" mi="0" ci="12" mb="0" cb="0"/><line nr="114" mi="0" ci="14" mb="1" cb="1"/><line nr="116" mi="0" ci="41" mb="1" cb="1"/><line nr="119" mi="0" ci="35" mb="0" cb="0"/><line nr="121" mi="0" ci="14" mb="1" cb="1"/><line nr="123" mi="0" ci="37" mb="1" cb="1"/><line nr="124" mi="0" ci="4" mb="0" cb="0"/><line nr="126" mi="3" ci="7" mb="0" cb="0"/><line nr="128" mi="9" ci="12" mb="2" cb="2"/><line nr="129" mi="0" ci="5" mb="0" cb="0"/><line nr="130" mi="0" ci="30" mb="1" cb="1"/><line nr="131" mi="0" ci="16" mb="1" cb="1"/><line nr="132" mi="0" ci="9" mb="1" cb="1"/><line nr="133" mi="2" ci="11" mb="2" cb="2"/><line nr="134" mi="40" ci="0" mb="2" cb="0"/><line nr="135" mi="21" ci="0" mb="2" cb="0"/><line nr="136" mi="68" ci="0" mb="2" cb="0"/><line nr="137" mi="204" ci="2" mb="0" cb="0"/><line nr="139" mi="3" ci="7" mb="0" cb="0"/><line nr="142" mi="49" ci="14" mb="0" cb="0"/><line nr="147" mi="1" ci="28" mb="3" cb="3"/><line nr="148" mi="2" ci="0" mb="0" cb="0"/><line nr="149" mi="91" ci="0" mb="8" cb="0"/><line nr="150" mi="103" ci="0" mb="6" cb="0"/><line nr="153" mi="169" ci="9" mb="0" cb="0"/><line nr="156" mi="0" ci="14" mb="1" cb="1"/><line nr="157" mi="0" ci="7" mb="0" cb="0"/><line nr="158" mi="0" ci="18" mb="0" cb="0"/><line nr="160" mi="0" ci="13" mb="0" cb="2"/><line nr="161" mi="0" ci="19" mb="1" cb="1"/><line nr="162" mi="0" ci="93" mb="3" cb="5"/><line nr="163" mi="0" ci="24" mb="1" cb="1"/><line nr="164" mi="5" ci="30" mb="1" cb="1"/><line nr="165" mi="0" ci="9" mb="0" cb="2"/><line nr="166" mi="0" ci="21" mb="1" cb="1"/><line nr="167" mi="0" ci="43" mb="1" cb="1"/><line nr="169" mi="6" ci="34" mb="1" cb="1"/><line nr="170" mi="0" ci="29" mb="2" cb="2"/><line nr="171" mi="0" ci="99" mb="3" cb="3"/><line nr="172" mi="0" ci="7" mb="0" cb="0"/><line nr="176" mi="0" ci="29" mb="1" cb="5"/><line nr="178" mi="0" ci="108" mb="4" cb="6"/><line nr="179" mi="0" ci="11" mb="1" cb="1"/><line nr="180" mi="0" ci="103" mb="3" cb="3"/><line nr="183" mi="368" ci="9" mb="0" cb="0"/><line nr="186" mi="0" ci="45" mb="2" cb="6"/><line nr="187" mi="0" ci="29" mb="2" cb="2"/><line nr="188" mi="0" ci="97" mb="3" cb="3"/><line nr="189" mi="332" ci="9" mb="0" cb="0"/><line nr="191" mi="0" ci="105" mb="4" cb="6"/><line nr="192" mi="0" ci="25" mb="1" cb="3"/><line nr="193" mi="0" ci="27" mb="0" cb="0"/><line nr="194" mi="0" ci="33" mb="0" cb="0"/><line nr="196" mi="0" ci="2" mb="0" cb="0"/><line nr="198" mi="3" ci="38" mb="1" cb="1"/><line nr="200" mi="0" ci="28" mb="1" cb="1"/><line nr="201" mi="0" ci="15" mb="0" cb="4"/><line nr="202" mi="0" ci="27" mb="0" cb="0"/><line nr="203" mi="0" ci="33" mb="0" cb="0"/><line nr="205" mi="0" ci="2" mb="0" cb="0"/><line nr="207" mi="0" ci="105" mb="4" cb="6"/><line nr="208" mi="0" ci="38" mb="1" cb="1"/><line nr="210" mi="3" ci="7" mb="0" cb="0"/><line nr="212" mi="0" ci="29" mb="2" cb="2"/><line nr="213" mi="0" ci="100" mb="3" cb="3"/><line nr="215" mi="3" ci="7" mb="0" cb="0"/><line nr="216" mi="67" ci="5" mb="0" cb="0"/><line nr="219" mi="0" ci="20" mb="0" cb="2"/><line nr="220" mi="97" ci="7" mb="0" cb="0"/><line nr="222" mi="0" ci="48" mb="0" cb="4"/><line nr="223" mi="0" ci="7" mb="0" cb="0"/><line nr="224" mi="0" ci="9" mb="0" cb="2"/><line nr="225" mi="3" ci="24" mb="0" cb="0"/><line nr="228" mi="3" ci="7" mb="0" cb="0"/><line nr="234" mi="49" ci="9" mb="0" cb="0"/><counter type="INSTRUCTION" missed="3030" covered="4910"/><counter type="BRANCH" missed="481" covered="267"/><counter type="LINE" missed="6" covered="128"/><counter type="COMPLEXITY" missed="485" covered="74"/><counter type="METHOD" missed="24" covered="23"/><counter type="CLASS" missed="13" covered="4"/></sourcefile><sourcefile name="tests/04_resource_functions_with_input_parameters.bal"><line nr="24" mi="89" ci="45" mb="8" cb="4"/><line nr="26" mi="43" ci="9" mb="0" cb="0"/><counter type="INSTRUCTION" missed="248" covered="161"/><counter type="BRANCH" missed="35" covered="18"/><counter type="LINE" missed="0" covered="2"/><counter type="COMPLEXITY" missed="38" covered="6"/><counter type="METHOD" missed="7" covered="5"/><counter type="CLASS" missed="4" covered="2"/></sourcefile><sourcefile name="client.bal"><line nr="20" mi="0" ci="26" mb="1" cb="1"/><line nr="24" mi="5" ci="62" mb="2" cb="2"/><line nr="25" mi="0" ci="9" mb="1" cb="1"/><line nr="26" mi="173" ci="2" mb="2" cb="0"/><line nr="28" mi="0" ci="11" mb="0" cb="0"/><line nr="29" mi="0" ci="1" mb="0" cb="0"/><line nr="30" mi="3" ci="7" mb="0" cb="0"/><line nr="32" mi="132" ci="105" mb="3" cb="3"/><line nr="33" mi="0" ci="29" mb="0" cb="0"/><line nr="34" mi="0" ci="2" mb="0" cb="0"/><line nr="36" mi="0" ci="9" mb="1" cb="1"/><line nr="37" mi="15" ci="0" mb="0" cb="0"/><line nr="39" mi="0" ci="25" mb="1" cb="1"/><line nr="40" mi="0" ci="24" mb="1" cb="1"/><line nr="41" mi="131" ci="123" mb="28" cb="8"/><line nr="42" mi="0" ci="9" mb="1" cb="1"/><line nr="43" mi="2" ci="0" mb="0" cb="0"/><line nr="44" mi="50" ci="224" mb="2" cb="0"/><line nr="46" mi="2" ci="9" mb="0" cb="0"/><line nr="47" mi="1" ci="0" mb="0" cb="0"/><line nr="48" mi="8" ci="2" mb="0" cb="0"/><line nr="49" mi="55" ci="5" mb="0" cb="0"/><counter type="INSTRUCTION" missed="671" covered="960"/><counter type="BRANCH" missed="117" covered="46"/><counter type="LINE" missed="3" covered="19"/><counter type="COMPLEXITY" missed="108" covered="15"/><counter type="METHOD" missed="6" covered="10"/><counter type="CLASS" missed="4" covered="3"/></sourcefile><sourcefile name="tests/02_document_validation.bal"><counter type="INSTRUCTION" missed="12" covered="6"/><counter type="COMPLEXITY" missed="4" covered="2"/><counter type="METHOD" missed="4" covered="2"/><counter type="CLASS" missed="4" covered="2"/></sourcefile><sourcefile name="common_utils.bal"><line nr="20" mi="85" ci="29" mb="0" cb="0"/><line nr="24" mi="85" ci="29" mb="0" cb="0"/><line nr="29" mi="97" ci="39" mb="0" cb="0"/><line nr="33" mi="85" ci="35" mb="0" cb="0"/><line nr="34" mi="0" ci="4" mb="0" cb="0"/><line nr="38" mi="103" ci="89" mb="2" cb="2"/><line nr="39" mi="0" ci="2" mb="0" cb="0"/><line nr="44" mi="0" ci="9" mb="0" cb="0"/><line nr="45" mi="0" ci="29" mb="1" cb="5"/><line nr="46" mi="192" ci="57" mb="4" cb="2"/><line nr="48" mi="0" ci="29" mb="1" cb="5"/><line nr="49" mi="0" ci="9" mb="0" cb="0"/><line nr="51" mi="3" ci="7" mb="0" cb="0"/><line nr="55" mi="0" ci="13" mb="1" cb="1"/><line nr="56" mi="0" ci="14" mb="0" cb="2"/><line nr="57" mi="79" ci="7" mb="0" cb="0"/><line nr="58" mi="0" ci="14" mb="1" cb="1"/><line nr="59" mi="8" ci="0" mb="0" cb="0"/><line nr="60" mi="0" ci="14" mb="1" cb="1"/><line nr="61" mi="8" ci="0" mb="0" cb="0"/><line nr="63" mi="2" ci="5" mb="0" cb="0"/><line nr="64" mi="10" ci="2" mb="0" cb="0"/><line nr="68" mi="0" ci="15" mb="1" cb="1"/><line nr="69" mi="162" ci="2" mb="0" cb="0"/><line nr="71" mi="3" ci="0" mb="0" cb="0"/><line nr="74" mi="3" ci="36" mb="0" cb="0"/><line nr="76" mi="0" ci="30" mb="0" cb="0"/><counter type="INSTRUCTION" missed="968" covered="731"/><counter type="BRANCH" missed="91" covered="44"/><counter type="LINE" missed="3" covered="24"/><counter type="COMPLEXITY" missed="99" covered="13"/><counter type="METHOD" missed="9" covered="8"/><counter type="CLASS" missed="8" covered="1"/></sourcefile><sourcefile name="tests/11_introspection_queries.bal"><line nr="211" mi="112" ci="0" mb="12" cb="0"/><line nr="213" mi="43" ci="9" mb="0" cb="0"/><counter type="INSTRUCTION" missed="356" covered="54"/><counter type="BRANCH" missed="48" covered="5"/><counter type="LINE" missed="1" covered="1"/><counter type="COMPLEXITY" missed="48" covered="8"/><counter type="METHOD" missed="16" covered="8"/><counter type="CLASS" missed="12" covered="6"/></sourcefile><sourcefile name="tests/01_schema_generation.bal"><line nr="37" mi="71" ci="41" mb="8" cb="4"/><line nr="41" mi="71" ci="41" mb="8" cb="4"/><line nr="45" mi="124" ci="0" mb="12" cb="0"/><line nr="47" mi="43" ci="9" mb="0" cb="0"/><line nr="51" mi="239" ci="0" mb="12" cb="0"/><line nr="52" mi="2" ci="0" mb="0" cb="0"/><line nr="53" mi="2" ci="0" mb="0" cb="0"/><line nr="54" mi="42" ci="0" mb="0" cb="0"/><line nr="55" mi="2" ci="0" mb="0" cb="0"/><line nr="56" mi="2" ci="0" mb="0" cb="0"/><line nr="57" mi="2" ci="0" mb="0" cb="0"/><line nr="61" mi="43" ci="9" mb="0" cb="0"/><counter type="INSTRUCTION" missed="1104" covered="283"/><counter type="BRANCH" missed="150" covered="36"/><counter type="LINE" missed="8" covered="4"/><counter type="COMPLEXITY" missed="128" covered="10"/><counter type="METHOD" missed="18" covered="8"/><counter type="CLASS" missed="10" covered="2"/></sourcefile><sourcefile name="engine.bal"><line nr="19" mi="0" ci="26" mb="1" cb="1"/><line nr="26" mi="0" ci="6" mb="0" cb="0"/><line nr="27" mi="0" ci="10" mb="0" cb="0"/><line nr="28" mi="0" ci="10" mb="0" cb="0"/><line nr="29" mi="0" ci="9" mb="0" cb="0"/><line nr="30" mi="85" ci="9" mb="0" cb="0"/><line nr="33" mi="0" ci="24" mb="1" cb="1"/><line nr="34" mi="0" ci="9" mb="0" cb="2"/><line nr="35" mi="206" ci="8" mb="0" cb="0"/><line nr="37" mi="0" ci="7" mb="0" cb="0"/><line nr="38" mi="0" ci="24" mb="1" cb="1"/><line nr="39" mi="0" ci="9" mb="0" cb="2"/><line nr="40" mi="3" ci="8" mb="0" cb="0"/><line nr="42" mi="2" ci="43" mb="4" cb="4"/><line nr="43" mi="5" ci="52" mb="2" cb="2"/><line nr="45" mi="105" ci="0" mb="10" cb="0"/><line nr="46" mi="25" ci="0" mb="4" cb="0"/><line nr="47" mi="34" ci="0" mb="2" cb="0"/><line nr="50" mi="23" ci="0" mb="2" cb="0"/><line nr="51" mi="12" ci="0" mb="0" cb="0"/><line nr="52" mi="33" ci="0" mb="0" cb="0"/><line nr="54" mi="17" ci="0" mb="0" cb="0"/><line nr="56" mi="14" ci="0" mb="2" cb="0"/><line nr="57" mi="4" ci="2" mb="0" cb="0"/><line nr="61" mi="0" ci="10" mb="0" cb="0"/><line nr="62" mi="0" ci="19" mb="1" cb="1"/><line nr="63" mi="0" ci="11" mb="1" cb="1"/><line nr="64" mi="125" ci="53" mb="2" cb="4"/><line nr="65" mi="0" ci="13" mb="1" cb="1"/><line nr="66" mi="3" ci="7" mb="0" cb="0"/><line nr="69" mi="0" ci="36" mb="1" cb="1"/><line nr="70" mi="0" ci="13" mb="1" cb="1"/><line nr="71" mi="0" ci="9" mb="0" cb="2"/><line nr="72" mi="97" ci="8" mb="0" cb="0"/><line nr="74" mi="0" ci="45" mb="1" cb="1"/><line nr="75" mi="3" ci="14" mb="1" cb="1"/><line nr="79" mi="1" ci="14" mb="1" cb="1"/><line nr="80" mi="0" ci="66" mb="1" cb="1"/><line nr="81" mi="0" ci="26" mb="1" cb="1"/><line nr="82" mi="0" ci="14" mb="1" cb="1"/><line nr="83" mi="0" ci="31" mb="1" cb="5"/><line nr="84" mi="158" ci="17" mb="1" cb="1"/><line nr="87" mi="33" ci="0" mb="0" cb="0"/><line nr="88" mi="2" ci="0" mb="0" cb="0"/><line nr="89" mi="17" ci="0" mb="0" cb="0"/><line nr="91" mi="14" ci="0" mb="2" cb="0"/><line nr="92" mi="1" ci="0" mb="0" cb="0"/><line nr="93" mi="3" ci="7" mb="0" cb="0"/><line nr="96" mi="0" ci="15" mb="1" cb="1"/><line nr="97" mi="33" ci="0" mb="0" cb="0"/><line nr="98" mi="2" ci="0" mb="0" cb="0"/><line nr="99" mi="17" ci="0" mb="0" cb="0"/><line nr="101" mi="170" ci="2" mb="2" cb="0"/><line nr="103" mi="0" ci="11" mb="0" cb="0"/><line nr="104" mi="0" ci="58" mb="1" cb="1"/><line nr="105" mi="0" ci="25" mb="1" cb="1"/><line nr="106" mi="3" ci="7" mb="0" cb="0"/><line nr="110" mi="0" ci="11" mb="0" cb="0"/><line nr="111" mi="0" ci="31" mb="0" cb="0"/><line nr="112" mi="0" ci="17" mb="0" cb="0"/><line nr="113" mi="0" ci="24" mb="0" cb="0"/><line nr="116" mi="0" ci="42" mb="0" cb="0"/><line nr="117" mi="0" ci="17" mb="0" cb="0"/><line nr="118" mi="0" ci="2" mb="0" cb="0"/><line nr="119" mi="0" ci="20" mb="0" cb="0"/><line nr="121" mi="0" ci="18" mb="0" cb="0"/><line nr="122" mi="0" ci="31" mb="0" cb="0"/><line nr="123" mi="0" ci="2" mb="0" cb="0"/><line nr="126" mi="0" ci="6" mb="0" cb="0"/><line nr="127" mi="0" ci="6" mb="0" cb="0"/><line nr="128" mi="0" ci="14" mb="0" cb="0"/><line nr="129" mi="182" ci="9" mb="0" cb="0"/><line nr="130" mi="55" ci="5" mb="0" cb="0"/><counter type="INSTRUCTION" missed="1607" covered="1651"/><counter type="BRANCH" missed="196" covered="99"/><counter type="LINE" missed="16" covered="57"/><counter type="COMPLEXITY" missed="190" covered="33"/><counter type="METHOD" missed="8" covered="13"/><counter type="CLASS" missed="8" covered="1"/></sourcefile><sourcefile name="annotation_processor.bal"><line nr="18" mi="0" ci="9" mb="1" cb="1"/><line nr="19" mi="0" ci="9" mb="0" cb="2"/><line nr="20" mi="1" ci="18" mb="1" cb="1"/><line nr="21" mi="0" ci="13" mb="0" cb="0"/><line nr="22" mi="0" ci="15" mb="0" cb="4"/><line nr="23" mi="0" ci="7" mb="0" cb="0"/><line nr="24" mi="140" ci="42" mb="1" cb="1"/><line nr="26" mi="6" ci="26" mb="0" cb="0"/><line nr="29" mi="3" ci="30" mb="0" cb="0"/><line nr="33" mi="0" ci="8" mb="0" cb="0"/><line nr="34" mi="0" ci="4" mb="0" cb="0"/><line nr="35" mi="81" ci="9" mb="0" cb="0"/><counter type="INSTRUCTION" missed="244" covered="256"/><counter type="BRANCH" missed="25" covered="15"/><counter type="LINE" missed="0" covered="12"/><counter type="COMPLEXITY" missed="28" covered="5"/><counter type="METHOD" missed="3" covered="2"/><counter type="CLASS" missed="2" covered="1"/></sourcefile><sourcefile name="engine_utils.bal"><line nr="21" mi="0" ci="9" mb="0" cb="2"/><line nr="22" mi="104" ci="25" mb="0" cb="0"/><line nr="23" mi="0" ci="28" mb="0" cb="0"/><line nr="26" mi="2" ci="23" mb="0" cb="0"/><line nr="27" mi="0" ci="3" mb="0" cb="0"/><line nr="29" mi="4" ci="2" mb="0" cb="0"/><line nr="33" mi="323" ci="139" mb="8" cb="6"/><line nr="34" mi="78" ci="137" mb="8" cb="6"/><line nr="35" mi="0" ci="33" mb="0" cb="0"/><line nr="36" mi="3" ci="36" mb="0" cb="0"/><line nr="37" mi="0" ci="16" mb="1" cb="1"/><line nr="38" mi="0" ci="25" mb="0" cb="0"/><line nr="42" mi="95" ci="28" mb="4" cb="2"/><line nr="46" mi="153" ci="43" mb="4" cb="2"/><line nr="51" mi="115" ci="30" mb="4" cb="2"/><counter type="INSTRUCTION" missed="905" covered="747"/><counter type="BRANCH" missed="102" covered="36"/><counter type="LINE" missed="0" covered="15"/><counter type="COMPLEXITY" missed="103" covered="6"/><counter type="METHOD" missed="6" covered="5"/><counter type="CLASS" missed="5" covered="1"/></sourcefile><sourcefile name="tests/12_listener_configurations_test.bal"><line nr="29" mi="111" ci="16" mb="21" cb="1"/><line nr="30" mi="104" ci="38" mb="12" cb="0"/><line nr="32" mi="43" ci="9" mb="0" cb="0"/><line nr="39" mi="112" ci="0" mb="12" cb="0"/><line nr="41" mi="43" ci="9" mb="0" cb="0"/><line nr="49" mi="112" ci="0" mb="12" cb="0"/><line nr="51" mi="43" ci="9" mb="0" cb="0"/><counter type="INSTRUCTION" missed="1041" covered="251"/><counter type="BRANCH" missed="162" covered="25"/><counter type="LINE" missed="2" covered="5"/><counter type="COMPLEXITY" missed="136" covered="14"/><counter type="METHOD" missed="24" covered="13"/><counter type="CLASS" missed="13" covered="6"/></sourcefile><sourcefile name="tests/07_errors_test.bal"><line nr="21" mi="128" ci="0" mb="12" cb="0"/><line nr="23" mi="43" ci="9" mb="0" cb="0"/><counter type="INSTRUCTION" missed="401" covered="63"/><counter type="BRANCH" missed="48" covered="5"/><counter type="LINE" missed="1" covered="1"/><counter type="COMPLEXITY" missed="54" covered="11"/><counter type="METHOD" missed="22" covered="11"/><counter type="CLASS" missed="18" covered="9"/></sourcefile><counter type="INSTRUCTION" missed="41312" covered="52501"/><counter type="BRANCH" missed="6265" covered="2062"/><counter type="LINE" missed="75" covered="799"/><counter type="COMPLEXITY" missed="5879" covered="739"/><counter type="METHOD" missed="578" covered="518"/><counter type="CLASS" missed="255" covered="112"/></package><counter type="INSTRUCTION" missed="88372" covered="138328"/><counter type="BRANCH" missed="13943" covered="4674"/><counter type="LINE" missed="234" covered="2667"/><counter type="COMPLEXITY" missed="12996" covered="1560"/><counter type="METHOD" missed="924" covered="1030"/><counter type="CLASS" missed="435" covered="177"/></report>